<?xml version="1.0" encoding="UTF-8"?>
<robot generator="Robot 6.0.2 (Python 3.11.3 on win32)" generated="20231116 11:45:34.664" rpa="false" schemaversion="3">
<suite id="s1" name="AutomatedTestsRobotExample" source="C:\Users\VictorMelo\asd\AutomatedTestsRobotExample">
<suite id="s1-s1" name="Tests" source="C:\Users\VictorMelo\asd\AutomatedTestsRobotExample\tests">
<suite id="s1-s1-s1" name="UI Tests" source="C:\Users\VictorMelo\asd\AutomatedTestsRobotExample\tests\UI_Tests.robot">
<test id="s1-s1-s1-t1" name="1.1.1 - Valid Login" line="25">
<kw name="Open Saucedemo URL" library="Keywords" type="SETUP">
<kw name="Open Browser" library="SeleniumLibrary">
<arg>${URL_SauceDemo_QA}</arg>
<arg>${Browser}</arg>
<doc>Opens a new browser instance to the optional ``url``.</doc>
<msg timestamp="20231116 11:45:35.119" level="INFO">Opening browser 'Firefox' to base url 'https://www.saucedemo.com/'.</msg>
<msg timestamp="20231116 11:45:35.130" level="INFO">Executing: C:\Users\VictorMelo\AppData\Roaming\Python\Python311\site-packages\selenium\webdriver\common\windows\selenium-manager.exe --browser firefox --output json</msg>
<status status="PASS" starttime="20231116 11:45:35.118" endtime="20231116 11:45:42.425"/>
</kw>
<kw name="Maximize Browser Window" library="SeleniumLibrary">
<doc>Maximizes current browser window.</doc>
<status status="PASS" starttime="20231116 11:45:42.428" endtime="20231116 11:45:42.701"/>
</kw>
<status status="PASS" starttime="20231116 11:45:35.117" endtime="20231116 11:45:42.702"/>
</kw>
<kw name="Wait Until Element Is Visible" library="SeleniumLibrary">
<arg>${UserNameTxt}</arg>
<doc>Waits until the element ``locator`` is visible.</doc>
<status status="PASS" starttime="20231116 11:45:42.706" endtime="20231116 11:45:42.766"/>
</kw>
<kw name="Input Text" library="SeleniumLibrary">
<arg>${UserNameTxt}</arg>
<arg>${standarduser}</arg>
<doc>Types the given ``text`` into the text field identified by ``locator``.</doc>
<msg timestamp="20231116 11:45:42.768" level="INFO">Typing text 'standard_user' into text field 'id=user-name'.</msg>
<status status="PASS" starttime="20231116 11:45:42.767" endtime="20231116 11:45:42.880"/>
</kw>
<kw name="Input Text" library="SeleniumLibrary">
<arg>${PasswordTxt}</arg>
<arg>${password}</arg>
<doc>Types the given ``text`` into the text field identified by ``locator``.</doc>
<msg timestamp="20231116 11:45:42.882" level="INFO">Typing text 'secret_sauce' into text field 'id=password'.</msg>
<status status="PASS" starttime="20231116 11:45:42.881" endtime="20231116 11:45:42.915"/>
</kw>
<kw name="Click Button" library="SeleniumLibrary">
<arg>${LoginBtn}</arg>
<doc>Clicks the button identified by ``locator``.</doc>
<msg timestamp="20231116 11:45:42.917" level="INFO">Clicking button 'id=login-button'.</msg>
<status status="PASS" starttime="20231116 11:45:42.916" endtime="20231116 11:45:43.193"/>
</kw>
<kw name="Wait Until Element Is Visible" library="SeleniumLibrary">
<arg>${SwagLabsLbl}</arg>
<doc>Waits until the element ``locator`` is visible.</doc>
<status status="PASS" starttime="20231116 11:45:43.195" endtime="20231116 11:45:43.211"/>
</kw>
<kw name="Element Text Should Be" library="SeleniumLibrary">
<arg>${SwagLabsLbl}</arg>
<arg>Swag Labs</arg>
<doc>Verifies that element ``locator`` contains exact the text ``expected``.</doc>
<msg timestamp="20231116 11:45:43.214" level="INFO">Verifying element '//div[@id='header_container']/div/div[2]/div' contains exact text 'Swag Labs'.</msg>
<status status="PASS" starttime="20231116 11:45:43.212" endtime="20231116 11:45:43.236"/>
</kw>
<kw name="Element Text Should Be" library="SeleniumLibrary">
<arg>${ProducsSwagLabsLbl}</arg>
<arg>Products</arg>
<doc>Verifies that element ``locator`` contains exact the text ``expected``.</doc>
<msg timestamp="20231116 11:45:43.239" level="INFO">Verifying element 'css:.title' contains exact text 'Products'.</msg>
<status status="PASS" starttime="20231116 11:45:43.237" endtime="20231116 11:45:43.252"/>
</kw>
<kw name="Finish TC" library="Keywords" type="TEARDOWN">
<kw name="Execute Javascript" library="SeleniumLibrary">
<arg>window.localStorage.clear()</arg>
<doc>Executes the given JavaScript code with possible arguments.</doc>
<msg timestamp="20231116 11:45:43.255" level="INFO">Executing JavaScript:
window.localStorage.clear()
Without any arguments.</msg>
<status status="PASS" starttime="20231116 11:45:43.253" endtime="20231116 11:45:43.262"/>
</kw>
<kw name="Close Browser" library="SeleniumLibrary">
<doc>Closes the current browser.</doc>
<status status="PASS" starttime="20231116 11:45:43.263" endtime="20231116 11:45:46.411"/>
</kw>
<status status="PASS" starttime="20231116 11:45:43.253" endtime="20231116 11:45:46.411"/>
</kw>
<status status="PASS" starttime="20231116 11:45:35.115" endtime="20231116 11:45:46.412"/>
</test>
<test id="s1-s1-s1-t2" name="1.1.2 - Nonexistent Username" line="35">
<kw name="Open Saucedemo URL" library="Keywords" type="SETUP">
<kw name="Open Browser" library="SeleniumLibrary">
<arg>${URL_SauceDemo_QA}</arg>
<arg>${Browser}</arg>
<doc>Opens a new browser instance to the optional ``url``.</doc>
<msg timestamp="20231116 11:45:46.418" level="INFO">Opening browser 'Firefox' to base url 'https://www.saucedemo.com/'.</msg>
<msg timestamp="20231116 11:45:46.433" level="INFO">Executing: C:\Users\VictorMelo\AppData\Roaming\Python\Python311\site-packages\selenium\webdriver\common\windows\selenium-manager.exe --browser firefox --output json</msg>
<status status="PASS" starttime="20231116 11:45:46.416" endtime="20231116 11:45:53.524"/>
</kw>
<kw name="Maximize Browser Window" library="SeleniumLibrary">
<doc>Maximizes current browser window.</doc>
<status status="PASS" starttime="20231116 11:45:53.526" endtime="20231116 11:45:53.889"/>
</kw>
<status status="PASS" starttime="20231116 11:45:46.416" endtime="20231116 11:45:53.890"/>
</kw>
<kw name="Wait Until Element Is Visible" library="SeleniumLibrary">
<arg>${UserNameTxt}</arg>
<doc>Waits until the element ``locator`` is visible.</doc>
<status status="PASS" starttime="20231116 11:45:53.892" endtime="20231116 11:45:53.956"/>
</kw>
<kw name="Input Text" library="SeleniumLibrary">
<arg>${UserNameTxt}</arg>
<arg>IDontExist</arg>
<doc>Types the given ``text`` into the text field identified by ``locator``.</doc>
<msg timestamp="20231116 11:45:53.958" level="INFO">Typing text 'IDontExist' into text field 'id=user-name'.</msg>
<status status="PASS" starttime="20231116 11:45:53.957" endtime="20231116 11:45:54.078"/>
</kw>
<kw name="Input Text" library="SeleniumLibrary">
<arg>${PasswordTxt}</arg>
<arg>${password}</arg>
<doc>Types the given ``text`` into the text field identified by ``locator``.</doc>
<msg timestamp="20231116 11:45:54.079" level="INFO">Typing text 'secret_sauce' into text field 'id=password'.</msg>
<status status="PASS" starttime="20231116 11:45:54.078" endtime="20231116 11:45:54.139"/>
</kw>
<kw name="Click Button" library="SeleniumLibrary">
<arg>${LoginBtn}</arg>
<doc>Clicks the button identified by ``locator``.</doc>
<msg timestamp="20231116 11:45:54.141" level="INFO">Clicking button 'id=login-button'.</msg>
<status status="PASS" starttime="20231116 11:45:54.140" endtime="20231116 11:45:54.381"/>
</kw>
<kw name="Wait Until Element Is Visible" library="SeleniumLibrary">
<arg>${ErrorLoginMessage}</arg>
<doc>Waits until the element ``locator`` is visible.</doc>
<status status="PASS" starttime="20231116 11:45:54.382" endtime="20231116 11:45:54.401"/>
</kw>
<kw name="Element Text Should Be" library="SeleniumLibrary">
<arg>${ErrorLoginMessage}</arg>
<arg>Epic sadface: Username and password do not match any user in this service</arg>
<doc>Verifies that element ``locator`` contains exact the text ``expected``.</doc>
<msg timestamp="20231116 11:45:54.403" level="INFO">Verifying element '//h3' contains exact text 'Epic sadface: Username and password do not match any user in this service'.</msg>
<status status="PASS" starttime="20231116 11:45:54.401" endtime="20231116 11:45:54.426"/>
</kw>
<kw name="Element Should Be Visible" library="SeleniumLibrary">
<arg>${XIconUser}</arg>
<doc>Verifies that the element identified by ``locator`` is visible.</doc>
<msg timestamp="20231116 11:45:54.444" level="INFO">Element 'css:.form_group:nth-child(1) path' is displayed.</msg>
<status status="PASS" starttime="20231116 11:45:54.428" endtime="20231116 11:45:54.444"/>
</kw>
<kw name="Element Should Be Visible" library="SeleniumLibrary">
<arg>${XIconPassword}</arg>
<doc>Verifies that the element identified by ``locator`` is visible.</doc>
<msg timestamp="20231116 11:45:54.464" level="INFO">Element 'css:.form_group:nth-child(2) path' is displayed.</msg>
<status status="PASS" starttime="20231116 11:45:54.445" endtime="20231116 11:45:54.464"/>
</kw>
<kw name="Finish TC" library="Keywords" type="TEARDOWN">
<kw name="Execute Javascript" library="SeleniumLibrary">
<arg>window.localStorage.clear()</arg>
<doc>Executes the given JavaScript code with possible arguments.</doc>
<msg timestamp="20231116 11:45:54.470" level="INFO">Executing JavaScript:
window.localStorage.clear()
Without any arguments.</msg>
<status status="PASS" starttime="20231116 11:45:54.468" endtime="20231116 11:45:54.477"/>
</kw>
<kw name="Close Browser" library="SeleniumLibrary">
<doc>Closes the current browser.</doc>
<status status="PASS" starttime="20231116 11:45:54.477" endtime="20231116 11:45:57.572"/>
</kw>
<status status="PASS" starttime="20231116 11:45:54.465" endtime="20231116 11:45:57.572"/>
</kw>
<status status="PASS" starttime="20231116 11:45:46.415" endtime="20231116 11:45:57.573"/>
</test>
<test id="s1-s1-s1-t3" name="1.1.3 - Valid Username and Blank Password Textbox" line="46">
<kw name="Open Saucedemo URL" library="Keywords" type="SETUP">
<kw name="Open Browser" library="SeleniumLibrary">
<arg>${URL_SauceDemo_QA}</arg>
<arg>${Browser}</arg>
<doc>Opens a new browser instance to the optional ``url``.</doc>
<msg timestamp="20231116 11:45:57.577" level="INFO">Opening browser 'Firefox' to base url 'https://www.saucedemo.com/'.</msg>
<msg timestamp="20231116 11:45:57.592" level="INFO">Executing: C:\Users\VictorMelo\AppData\Roaming\Python\Python311\site-packages\selenium\webdriver\common\windows\selenium-manager.exe --browser firefox --output json</msg>
<status status="PASS" starttime="20231116 11:45:57.576" endtime="20231116 11:46:04.120"/>
</kw>
<kw name="Maximize Browser Window" library="SeleniumLibrary">
<doc>Maximizes current browser window.</doc>
<status status="PASS" starttime="20231116 11:46:04.120" endtime="20231116 11:46:04.410"/>
</kw>
<status status="PASS" starttime="20231116 11:45:57.576" endtime="20231116 11:46:04.411"/>
</kw>
<kw name="Wait Until Element Is Visible" library="SeleniumLibrary">
<arg>${UserNameTxt}</arg>
<doc>Waits until the element ``locator`` is visible.</doc>
<status status="PASS" starttime="20231116 11:46:04.413" endtime="20231116 11:46:04.450"/>
</kw>
<kw name="Input Text" library="SeleniumLibrary">
<arg>${UserNameTxt}</arg>
<arg>IDontExist</arg>
<doc>Types the given ``text`` into the text field identified by ``locator``.</doc>
<msg timestamp="20231116 11:46:04.453" level="INFO">Typing text 'IDontExist' into text field 'id=user-name'.</msg>
<status status="PASS" starttime="20231116 11:46:04.451" endtime="20231116 11:46:04.580"/>
</kw>
<kw name="Click Button" library="SeleniumLibrary">
<arg>${LoginBtn}</arg>
<doc>Clicks the button identified by ``locator``.</doc>
<msg timestamp="20231116 11:46:04.582" level="INFO">Clicking button 'id=login-button'.</msg>
<status status="PASS" starttime="20231116 11:46:04.581" endtime="20231116 11:46:04.829"/>
</kw>
<kw name="Wait Until Element Is Visible" library="SeleniumLibrary">
<arg>${ErrorLoginMessage}</arg>
<doc>Waits until the element ``locator`` is visible.</doc>
<status status="PASS" starttime="20231116 11:46:04.830" endtime="20231116 11:46:04.844"/>
</kw>
<kw name="Element Text Should Be" library="SeleniumLibrary">
<arg>${ErrorLoginMessage}</arg>
<arg>Epic sadface: Password is required</arg>
<doc>Verifies that element ``locator`` contains exact the text ``expected``.</doc>
<msg timestamp="20231116 11:46:04.846" level="INFO">Verifying element '//h3' contains exact text 'Epic sadface: Password is required'.</msg>
<status status="PASS" starttime="20231116 11:46:04.845" endtime="20231116 11:46:04.872"/>
</kw>
<kw name="Element Should Be Visible" library="SeleniumLibrary">
<arg>${XIconUser}</arg>
<doc>Verifies that the element identified by ``locator`` is visible.</doc>
<msg timestamp="20231116 11:46:04.888" level="INFO">Element 'css:.form_group:nth-child(1) path' is displayed.</msg>
<status status="PASS" starttime="20231116 11:46:04.873" endtime="20231116 11:46:04.889"/>
</kw>
<kw name="Element Should Be Visible" library="SeleniumLibrary">
<arg>${XIconPassword}</arg>
<doc>Verifies that the element identified by ``locator`` is visible.</doc>
<msg timestamp="20231116 11:46:04.913" level="INFO">Element 'css:.form_group:nth-child(2) path' is displayed.</msg>
<status status="PASS" starttime="20231116 11:46:04.894" endtime="20231116 11:46:04.913"/>
</kw>
<kw name="Finish TC" library="Keywords" type="TEARDOWN">
<kw name="Execute Javascript" library="SeleniumLibrary">
<arg>window.localStorage.clear()</arg>
<doc>Executes the given JavaScript code with possible arguments.</doc>
<msg timestamp="20231116 11:46:04.915" level="INFO">Executing JavaScript:
window.localStorage.clear()
Without any arguments.</msg>
<status status="PASS" starttime="20231116 11:46:04.914" endtime="20231116 11:46:04.918"/>
</kw>
<kw name="Close Browser" library="SeleniumLibrary">
<doc>Closes the current browser.</doc>
<status status="PASS" starttime="20231116 11:46:04.919" endtime="20231116 11:46:07.866"/>
</kw>
<status status="PASS" starttime="20231116 11:46:04.914" endtime="20231116 11:46:07.866"/>
</kw>
<status status="PASS" starttime="20231116 11:45:57.575" endtime="20231116 11:46:07.867"/>
</test>
<test id="s1-s1-s1-t4" name="1.1.4 - Valid User and Wrong Password" line="56">
<kw name="Open Saucedemo URL" library="Keywords" type="SETUP">
<kw name="Open Browser" library="SeleniumLibrary">
<arg>${URL_SauceDemo_QA}</arg>
<arg>${Browser}</arg>
<doc>Opens a new browser instance to the optional ``url``.</doc>
<msg timestamp="20231116 11:46:07.871" level="INFO">Opening browser 'Firefox' to base url 'https://www.saucedemo.com/'.</msg>
<msg timestamp="20231116 11:46:07.888" level="INFO">Executing: C:\Users\VictorMelo\AppData\Roaming\Python\Python311\site-packages\selenium\webdriver\common\windows\selenium-manager.exe --browser firefox --output json</msg>
<status status="PASS" starttime="20231116 11:46:07.870" endtime="20231116 11:46:15.067"/>
</kw>
<kw name="Maximize Browser Window" library="SeleniumLibrary">
<doc>Maximizes current browser window.</doc>
<status status="PASS" starttime="20231116 11:46:15.068" endtime="20231116 11:46:15.356"/>
</kw>
<status status="PASS" starttime="20231116 11:46:07.870" endtime="20231116 11:46:15.357"/>
</kw>
<kw name="Wait Until Element Is Visible" library="SeleniumLibrary">
<arg>${UserNameTxt}</arg>
<doc>Waits until the element ``locator`` is visible.</doc>
<status status="PASS" starttime="20231116 11:46:15.358" endtime="20231116 11:46:15.399"/>
</kw>
<kw name="Input Text" library="SeleniumLibrary">
<arg>${UserNameTxt}</arg>
<arg>${standarduser}</arg>
<doc>Types the given ``text`` into the text field identified by ``locator``.</doc>
<msg timestamp="20231116 11:46:15.407" level="INFO">Typing text 'standard_user' into text field 'id=user-name'.</msg>
<status status="PASS" starttime="20231116 11:46:15.406" endtime="20231116 11:46:15.521"/>
</kw>
<kw name="Input Text" library="SeleniumLibrary">
<arg>${PasswordTxt}</arg>
<arg>WrongPassword</arg>
<doc>Types the given ``text`` into the text field identified by ``locator``.</doc>
<msg timestamp="20231116 11:46:15.524" level="INFO">Typing text 'WrongPassword' into text field 'id=password'.</msg>
<status status="PASS" starttime="20231116 11:46:15.522" endtime="20231116 11:46:15.556"/>
</kw>
<kw name="Click Button" library="SeleniumLibrary">
<arg>${LoginBtn}</arg>
<doc>Clicks the button identified by ``locator``.</doc>
<msg timestamp="20231116 11:46:15.558" level="INFO">Clicking button 'id=login-button'.</msg>
<status status="PASS" starttime="20231116 11:46:15.556" endtime="20231116 11:46:15.803"/>
</kw>
<kw name="Wait Until Element Is Visible" library="SeleniumLibrary">
<arg>${ErrorLoginMessage}</arg>
<doc>Waits until the element ``locator`` is visible.</doc>
<status status="PASS" starttime="20231116 11:46:15.804" endtime="20231116 11:46:15.824"/>
</kw>
<kw name="Element Text Should Be" library="SeleniumLibrary">
<arg>${ErrorLoginMessage}</arg>
<arg>Epic sadface: Username and password do not match any user in this service</arg>
<doc>Verifies that element ``locator`` contains exact the text ``expected``.</doc>
<msg timestamp="20231116 11:46:15.826" level="INFO">Verifying element '//h3' contains exact text 'Epic sadface: Username and password do not match any user in this service'.</msg>
<status status="PASS" starttime="20231116 11:46:15.825" endtime="20231116 11:46:15.853"/>
</kw>
<kw name="Element Should Be Visible" library="SeleniumLibrary">
<arg>${XIconUser}</arg>
<doc>Verifies that the element identified by ``locator`` is visible.</doc>
<msg timestamp="20231116 11:46:15.870" level="INFO">Element 'css:.form_group:nth-child(1) path' is displayed.</msg>
<status status="PASS" starttime="20231116 11:46:15.854" endtime="20231116 11:46:15.870"/>
</kw>
<kw name="Element Should Be Visible" library="SeleniumLibrary">
<arg>${XIconPassword}</arg>
<doc>Verifies that the element identified by ``locator`` is visible.</doc>
<msg timestamp="20231116 11:46:15.888" level="INFO">Element 'css:.form_group:nth-child(2) path' is displayed.</msg>
<status status="PASS" starttime="20231116 11:46:15.871" endtime="20231116 11:46:15.888"/>
</kw>
<kw name="Finish TC" library="Keywords" type="TEARDOWN">
<kw name="Execute Javascript" library="SeleniumLibrary">
<arg>window.localStorage.clear()</arg>
<doc>Executes the given JavaScript code with possible arguments.</doc>
<msg timestamp="20231116 11:46:15.891" level="INFO">Executing JavaScript:
window.localStorage.clear()
Without any arguments.</msg>
<status status="PASS" starttime="20231116 11:46:15.890" endtime="20231116 11:46:15.894"/>
</kw>
<kw name="Close Browser" library="SeleniumLibrary">
<doc>Closes the current browser.</doc>
<status status="PASS" starttime="20231116 11:46:15.895" endtime="20231116 11:46:18.854"/>
</kw>
<status status="PASS" starttime="20231116 11:46:15.889" endtime="20231116 11:46:18.855"/>
</kw>
<status status="PASS" starttime="20231116 11:46:07.869" endtime="20231116 11:46:18.855"/>
</test>
<test id="s1-s1-s1-t5" name="1.1.5 - Try to login with Lockedout User" line="67">
<kw name="Open Saucedemo URL" library="Keywords" type="SETUP">
<kw name="Open Browser" library="SeleniumLibrary">
<arg>${URL_SauceDemo_QA}</arg>
<arg>${Browser}</arg>
<doc>Opens a new browser instance to the optional ``url``.</doc>
<msg timestamp="20231116 11:46:18.860" level="INFO">Opening browser 'Firefox' to base url 'https://www.saucedemo.com/'.</msg>
<msg timestamp="20231116 11:46:18.875" level="INFO">Executing: C:\Users\VictorMelo\AppData\Roaming\Python\Python311\site-packages\selenium\webdriver\common\windows\selenium-manager.exe --browser firefox --output json</msg>
<status status="PASS" starttime="20231116 11:46:18.859" endtime="20231116 11:46:26.056"/>
</kw>
<kw name="Maximize Browser Window" library="SeleniumLibrary">
<doc>Maximizes current browser window.</doc>
<status status="PASS" starttime="20231116 11:46:26.057" endtime="20231116 11:46:26.343"/>
</kw>
<status status="PASS" starttime="20231116 11:46:18.858" endtime="20231116 11:46:26.345"/>
</kw>
<kw name="Wait Until Element Is Visible" library="SeleniumLibrary">
<arg>${UserNameTxt}</arg>
<doc>Waits until the element ``locator`` is visible.</doc>
<status status="PASS" starttime="20231116 11:46:26.348" endtime="20231116 11:46:26.402"/>
</kw>
<kw name="Input Text" library="SeleniumLibrary">
<arg>${UserNameTxt}</arg>
<arg>${lockedoutuser}</arg>
<doc>Types the given ``text`` into the text field identified by ``locator``.</doc>
<msg timestamp="20231116 11:46:26.403" level="INFO">Typing text 'locked_out_user' into text field 'id=user-name'.</msg>
<status status="PASS" starttime="20231116 11:46:26.402" endtime="20231116 11:46:26.538"/>
</kw>
<kw name="Input Text" library="SeleniumLibrary">
<arg>${PasswordTxt}</arg>
<arg>${password}</arg>
<doc>Types the given ``text`` into the text field identified by ``locator``.</doc>
<msg timestamp="20231116 11:46:26.545" level="INFO">Typing text 'secret_sauce' into text field 'id=password'.</msg>
<status status="PASS" starttime="20231116 11:46:26.543" endtime="20231116 11:46:26.587"/>
</kw>
<kw name="Click Button" library="SeleniumLibrary">
<arg>${LoginBtn}</arg>
<doc>Clicks the button identified by ``locator``.</doc>
<msg timestamp="20231116 11:46:26.589" level="INFO">Clicking button 'id=login-button'.</msg>
<status status="PASS" starttime="20231116 11:46:26.588" endtime="20231116 11:46:26.831"/>
</kw>
<kw name="Wait Until Element Is Visible" library="SeleniumLibrary">
<arg>${ErrorLoginMessage}</arg>
<doc>Waits until the element ``locator`` is visible.</doc>
<status status="PASS" starttime="20231116 11:46:26.860" endtime="20231116 11:46:26.882"/>
</kw>
<kw name="Element Text Should Be" library="SeleniumLibrary">
<arg>${ErrorLoginMessage}</arg>
<arg>Epic sadface: Sorry, this user has been locked out.</arg>
<doc>Verifies that element ``locator`` contains exact the text ``expected``.</doc>
<msg timestamp="20231116 11:46:26.884" level="INFO">Verifying element '//h3' contains exact text 'Epic sadface: Sorry, this user has been locked out.'.</msg>
<status status="PASS" starttime="20231116 11:46:26.883" endtime="20231116 11:46:26.919"/>
</kw>
<kw name="Element Should Be Visible" library="SeleniumLibrary">
<arg>${XIconUser}</arg>
<doc>Verifies that the element identified by ``locator`` is visible.</doc>
<msg timestamp="20231116 11:46:26.946" level="INFO">Element 'css:.form_group:nth-child(1) path' is displayed.</msg>
<status status="PASS" starttime="20231116 11:46:26.919" endtime="20231116 11:46:26.947"/>
</kw>
<kw name="Element Should Be Visible" library="SeleniumLibrary">
<arg>${XIconPassword}</arg>
<doc>Verifies that the element identified by ``locator`` is visible.</doc>
<msg timestamp="20231116 11:46:26.967" level="INFO">Element 'css:.form_group:nth-child(2) path' is displayed.</msg>
<status status="PASS" starttime="20231116 11:46:26.948" endtime="20231116 11:46:26.967"/>
</kw>
<kw name="Finish TC" library="Keywords" type="TEARDOWN">
<kw name="Execute Javascript" library="SeleniumLibrary">
<arg>window.localStorage.clear()</arg>
<doc>Executes the given JavaScript code with possible arguments.</doc>
<msg timestamp="20231116 11:46:26.970" level="INFO">Executing JavaScript:
window.localStorage.clear()
Without any arguments.</msg>
<status status="PASS" starttime="20231116 11:46:26.969" endtime="20231116 11:46:26.978"/>
</kw>
<kw name="Close Browser" library="SeleniumLibrary">
<doc>Closes the current browser.</doc>
<status status="PASS" starttime="20231116 11:46:26.978" endtime="20231116 11:46:30.097"/>
</kw>
<status status="PASS" starttime="20231116 11:46:26.968" endtime="20231116 11:46:30.097"/>
</kw>
<status status="PASS" starttime="20231116 11:46:18.857" endtime="20231116 11:46:30.098"/>
</test>
<test id="s1-s1-s1-t6" name="1.1.6 - Example running Headless" line="78">
<kw name="Go in Headless Firefox" library="Keywords" type="SETUP">
<kw name="Evaluate" library="BuiltIn">
<var>${options}</var>
<arg>sys.modules['selenium.webdriver'].FirefoxOptions()</arg>
<arg>sys, selenium.webdriver</arg>
<doc>Evaluates the given expression in Python and returns the result.</doc>
<msg timestamp="20231116 11:46:30.102" level="INFO">${options} = &lt;selenium.webdriver.firefox.options.Options object at 0x0000021ACF7CC390&gt;</msg>
<status status="PASS" starttime="20231116 11:46:30.101" endtime="20231116 11:46:30.103"/>
</kw>
<kw name="Call Method" library="BuiltIn">
<arg>${options}</arg>
<arg>add_argument</arg>
<arg>--headless</arg>
<doc>Calls the named method of the given object with the provided arguments.</doc>
<status status="PASS" starttime="20231116 11:46:30.104" endtime="20231116 11:46:30.105"/>
</kw>
<kw name="Create Webdriver" library="SeleniumLibrary">
<arg>Firefox</arg>
<arg>options=${options}</arg>
<doc>Creates an instance of Selenium WebDriver.</doc>
<msg timestamp="20231116 11:46:30.106" level="INFO">Creating an instance of the Firefox WebDriver.</msg>
<msg timestamp="20231116 11:46:30.118" level="INFO">Executing: C:\Users\VictorMelo\AppData\Roaming\Python\Python311\site-packages\selenium\webdriver\common\windows\selenium-manager.exe --browser firefox --output json</msg>
<status status="PASS" starttime="20231116 11:46:30.105" endtime="20231116 11:46:35.447"/>
</kw>
<kw name="Go To" library="SeleniumLibrary">
<arg>${URL_SauceDemo_QA}</arg>
<doc>Navigates the current browser window to the provided ``url``.</doc>
<msg timestamp="20231116 11:46:35.448" level="INFO">Opening url 'https://www.saucedemo.com/'</msg>
<status status="PASS" starttime="20231116 11:46:35.448" endtime="20231116 11:46:36.363"/>
</kw>
<kw name="Maximize Browser Window" library="SeleniumLibrary">
<doc>Maximizes current browser window.</doc>
<status status="PASS" starttime="20231116 11:46:36.363" endtime="20231116 11:46:36.372"/>
</kw>
<status status="PASS" starttime="20231116 11:46:30.101" endtime="20231116 11:46:36.372"/>
</kw>
<kw name="Wait Until Element Is Visible" library="SeleniumLibrary">
<arg>${UserNameTxt}</arg>
<doc>Waits until the element ``locator`` is visible.</doc>
<status status="PASS" starttime="20231116 11:46:36.373" endtime="20231116 11:46:36.409"/>
</kw>
<kw name="Input Text" library="SeleniumLibrary">
<arg>${UserNameTxt}</arg>
<arg>${standarduser}</arg>
<doc>Types the given ``text`` into the text field identified by ``locator``.</doc>
<msg timestamp="20231116 11:46:36.411" level="INFO">Typing text 'standard_user' into text field 'id=user-name'.</msg>
<status status="PASS" starttime="20231116 11:46:36.410" endtime="20231116 11:46:36.572"/>
</kw>
<kw name="Input Text" library="SeleniumLibrary">
<arg>${PasswordTxt}</arg>
<arg>${password}</arg>
<doc>Types the given ``text`` into the text field identified by ``locator``.</doc>
<msg timestamp="20231116 11:46:36.574" level="INFO">Typing text 'secret_sauce' into text field 'id=password'.</msg>
<status status="PASS" starttime="20231116 11:46:36.573" endtime="20231116 11:46:36.719"/>
</kw>
<kw name="Click Button" library="SeleniumLibrary">
<arg>${LoginBtn}</arg>
<doc>Clicks the button identified by ``locator``.</doc>
<msg timestamp="20231116 11:46:36.721" level="INFO">Clicking button 'id=login-button'.</msg>
<status status="PASS" starttime="20231116 11:46:36.720" endtime="20231116 11:46:37.028"/>
</kw>
<kw name="Wait Until Element Is Visible" library="SeleniumLibrary">
<arg>${SwagLabsLbl}</arg>
<doc>Waits until the element ``locator`` is visible.</doc>
<status status="PASS" starttime="20231116 11:46:37.029" endtime="20231116 11:46:37.046"/>
</kw>
<kw name="Element Text Should Be" library="SeleniumLibrary">
<arg>${SwagLabsLbl}</arg>
<arg>Swag Labs</arg>
<doc>Verifies that element ``locator`` contains exact the text ``expected``.</doc>
<msg timestamp="20231116 11:46:37.048" level="INFO">Verifying element '//div[@id='header_container']/div/div[2]/div' contains exact text 'Swag Labs'.</msg>
<status status="PASS" starttime="20231116 11:46:37.047" endtime="20231116 11:46:37.077"/>
</kw>
<kw name="Element Text Should Be" library="SeleniumLibrary">
<arg>${ProducsSwagLabsLbl}</arg>
<arg>Products</arg>
<doc>Verifies that element ``locator`` contains exact the text ``expected``.</doc>
<msg timestamp="20231116 11:46:37.080" level="INFO">Verifying element 'css:.title' contains exact text 'Products'.</msg>
<status status="PASS" starttime="20231116 11:46:37.078" endtime="20231116 11:46:37.093"/>
</kw>
<kw name="Finish TC" library="Keywords" type="TEARDOWN">
<kw name="Execute Javascript" library="SeleniumLibrary">
<arg>window.localStorage.clear()</arg>
<doc>Executes the given JavaScript code with possible arguments.</doc>
<msg timestamp="20231116 11:46:37.095" level="INFO">Executing JavaScript:
window.localStorage.clear()
Without any arguments.</msg>
<status status="PASS" starttime="20231116 11:46:37.094" endtime="20231116 11:46:37.102"/>
</kw>
<kw name="Close Browser" library="SeleniumLibrary">
<doc>Closes the current browser.</doc>
<status status="PASS" starttime="20231116 11:46:37.103" endtime="20231116 11:46:40.130"/>
</kw>
<status status="PASS" starttime="20231116 11:46:37.094" endtime="20231116 11:46:40.130"/>
</kw>
<status status="PASS" starttime="20231116 11:46:30.100" endtime="20231116 11:46:40.131"/>
</test>
<test id="s1-s1-s1-t7" name="1.1.7 - Example using Arguments - Blank Username" line="88">
<kw name="Open Saucedemo URL" library="Keywords" type="SETUP">
<kw name="Open Browser" library="SeleniumLibrary">
<arg>${URL_SauceDemo_QA}</arg>
<arg>${Browser}</arg>
<doc>Opens a new browser instance to the optional ``url``.</doc>
<msg timestamp="20231116 11:46:40.135" level="INFO">Opening browser 'Firefox' to base url 'https://www.saucedemo.com/'.</msg>
<msg timestamp="20231116 11:46:40.148" level="INFO">Executing: C:\Users\VictorMelo\AppData\Roaming\Python\Python311\site-packages\selenium\webdriver\common\windows\selenium-manager.exe --browser firefox --output json</msg>
<status status="PASS" starttime="20231116 11:46:40.135" endtime="20231116 11:46:47.697"/>
</kw>
<kw name="Maximize Browser Window" library="SeleniumLibrary">
<doc>Maximizes current browser window.</doc>
<status status="PASS" starttime="20231116 11:46:47.698" endtime="20231116 11:46:47.974"/>
</kw>
<status status="PASS" starttime="20231116 11:46:40.134" endtime="20231116 11:46:47.975"/>
</kw>
<kw name="ExampleArguments" library="Keywords">
<arg>${Empty}</arg>
<arg>${password}</arg>
<kw name="Wait Until Element Is Visible" library="SeleniumLibrary">
<arg>${UserNameTxt}</arg>
<doc>Waits until the element ``locator`` is visible.</doc>
<status status="PASS" starttime="20231116 11:46:47.978" endtime="20231116 11:46:48.014"/>
</kw>
<kw name="Input Text" library="SeleniumLibrary">
<arg>${UserNameTxt}</arg>
<arg>${user}</arg>
<doc>Types the given ``text`` into the text field identified by ``locator``.</doc>
<msg timestamp="20231116 11:46:48.015" level="INFO">Typing text '' into text field 'id=user-name'.</msg>
<status status="PASS" starttime="20231116 11:46:48.014" endtime="20231116 11:46:48.094"/>
</kw>
<kw name="Input Text" library="SeleniumLibrary">
<arg>${PasswordTxt}</arg>
<arg>${pass}</arg>
<doc>Types the given ``text`` into the text field identified by ``locator``.</doc>
<msg timestamp="20231116 11:46:48.096" level="INFO">Typing text 'secret_sauce' into text field 'id=password'.</msg>
<status status="PASS" starttime="20231116 11:46:48.095" endtime="20231116 11:46:48.145"/>
</kw>
<kw name="Click Button" library="SeleniumLibrary">
<arg>${LoginBtn}</arg>
<doc>Clicks the button identified by ``locator``.</doc>
<msg timestamp="20231116 11:46:48.146" level="INFO">Clicking button 'id=login-button'.</msg>
<status status="PASS" starttime="20231116 11:46:48.146" endtime="20231116 11:46:48.376"/>
</kw>
<status status="PASS" starttime="20231116 11:46:47.976" endtime="20231116 11:46:48.376"/>
</kw>
<kw name="Wait Until Element Is Visible" library="SeleniumLibrary">
<arg>${ErrorLoginMessage}</arg>
<doc>Waits until the element ``locator`` is visible.</doc>
<status status="PASS" starttime="20231116 11:46:48.377" endtime="20231116 11:46:48.395"/>
</kw>
<kw name="Element Text Should Be" library="SeleniumLibrary">
<arg>${ErrorLoginMessage}</arg>
<arg>Epic sadface: Username is required</arg>
<doc>Verifies that element ``locator`` contains exact the text ``expected``.</doc>
<msg timestamp="20231116 11:46:48.397" level="INFO">Verifying element '//h3' contains exact text 'Epic sadface: Username is required'.</msg>
<status status="PASS" starttime="20231116 11:46:48.396" endtime="20231116 11:46:48.468"/>
</kw>
<kw name="Element Should Be Visible" library="SeleniumLibrary">
<arg>${XIconUser}</arg>
<doc>Verifies that the element identified by ``locator`` is visible.</doc>
<msg timestamp="20231116 11:46:48.510" level="INFO">Element 'css:.form_group:nth-child(1) path' is displayed.</msg>
<status status="PASS" starttime="20231116 11:46:48.480" endtime="20231116 11:46:48.510"/>
</kw>
<kw name="Element Should Be Visible" library="SeleniumLibrary">
<arg>${XIconPassword}</arg>
<doc>Verifies that the element identified by ``locator`` is visible.</doc>
<msg timestamp="20231116 11:46:48.556" level="INFO">Element 'css:.form_group:nth-child(2) path' is displayed.</msg>
<status status="PASS" starttime="20231116 11:46:48.514" endtime="20231116 11:46:48.556"/>
</kw>
<kw name="Finish TC" library="Keywords" type="TEARDOWN">
<kw name="Execute Javascript" library="SeleniumLibrary">
<arg>window.localStorage.clear()</arg>
<doc>Executes the given JavaScript code with possible arguments.</doc>
<msg timestamp="20231116 11:46:48.566" level="INFO">Executing JavaScript:
window.localStorage.clear()
Without any arguments.</msg>
<status status="PASS" starttime="20231116 11:46:48.565" endtime="20231116 11:46:48.581"/>
</kw>
<kw name="Close Browser" library="SeleniumLibrary">
<doc>Closes the current browser.</doc>
<status status="PASS" starttime="20231116 11:46:48.581" endtime="20231116 11:46:51.857"/>
</kw>
<status status="PASS" starttime="20231116 11:46:48.563" endtime="20231116 11:46:51.858"/>
</kw>
<status status="PASS" starttime="20231116 11:46:40.132" endtime="20231116 11:46:51.859"/>
</test>
<test id="s1-s1-s1-t8" name="2.1.1 - Add product to Cart and finish with positive Purchase flow" line="96">
<kw name="Valid Login" library="Keywords" type="SETUP">
<kw name="Open Saucedemo URL" library="Keywords">
<kw name="Open Browser" library="SeleniumLibrary">
<arg>${URL_SauceDemo_QA}</arg>
<arg>${Browser}</arg>
<doc>Opens a new browser instance to the optional ``url``.</doc>
<msg timestamp="20231116 11:46:51.865" level="INFO">Opening browser 'Firefox' to base url 'https://www.saucedemo.com/'.</msg>
<msg timestamp="20231116 11:46:51.880" level="INFO">Executing: C:\Users\VictorMelo\AppData\Roaming\Python\Python311\site-packages\selenium\webdriver\common\windows\selenium-manager.exe --browser firefox --output json</msg>
<status status="PASS" starttime="20231116 11:46:51.863" endtime="20231116 11:46:59.271"/>
</kw>
<kw name="Maximize Browser Window" library="SeleniumLibrary">
<doc>Maximizes current browser window.</doc>
<status status="PASS" starttime="20231116 11:46:59.272" endtime="20231116 11:46:59.573"/>
</kw>
<status status="PASS" starttime="20231116 11:46:51.863" endtime="20231116 11:46:59.574"/>
</kw>
<kw name="Wait Until Element Is Visible" library="SeleniumLibrary">
<arg>${UserNameTxt}</arg>
<doc>Waits until the element ``locator`` is visible.</doc>
<status status="PASS" starttime="20231116 11:46:59.574" endtime="20231116 11:46:59.620"/>
</kw>
<kw name="Input Text" library="SeleniumLibrary">
<arg>${UserNameTxt}</arg>
<arg>${standarduser}</arg>
<doc>Types the given ``text`` into the text field identified by ``locator``.</doc>
<msg timestamp="20231116 11:46:59.620" level="INFO">Typing text 'standard_user' into text field 'id=user-name'.</msg>
<status status="PASS" starttime="20231116 11:46:59.620" endtime="20231116 11:46:59.732"/>
</kw>
<kw name="Input Text" library="SeleniumLibrary">
<arg>${PasswordTxt}</arg>
<arg>${password}</arg>
<doc>Types the given ``text`` into the text field identified by ``locator``.</doc>
<msg timestamp="20231116 11:46:59.733" level="INFO">Typing text 'secret_sauce' into text field 'id=password'.</msg>
<status status="PASS" starttime="20231116 11:46:59.732" endtime="20231116 11:46:59.758"/>
</kw>
<kw name="Click Button" library="SeleniumLibrary">
<arg>${LoginBtn}</arg>
<doc>Clicks the button identified by ``locator``.</doc>
<msg timestamp="20231116 11:46:59.759" level="INFO">Clicking button 'id=login-button'.</msg>
<status status="PASS" starttime="20231116 11:46:59.758" endtime="20231116 11:47:00.025"/>
</kw>
<kw name="Wait Until Element Is Visible" library="SeleniumLibrary">
<arg>${SwagLabsLbl}</arg>
<doc>Waits until the element ``locator`` is visible.</doc>
<status status="PASS" starttime="20231116 11:47:00.025" endtime="20231116 11:47:00.043"/>
</kw>
<kw name="Element Text Should Be" library="SeleniumLibrary">
<arg>${SwagLabsLbl}</arg>
<arg>Swag Labs</arg>
<doc>Verifies that element ``locator`` contains exact the text ``expected``.</doc>
<msg timestamp="20231116 11:47:00.044" level="INFO">Verifying element '//div[@id='header_container']/div/div[2]/div' contains exact text 'Swag Labs'.</msg>
<status status="PASS" starttime="20231116 11:47:00.043" endtime="20231116 11:47:00.070"/>
</kw>
<status status="PASS" starttime="20231116 11:46:51.862" endtime="20231116 11:47:00.070"/>
</kw>
<kw name="Wait Until Element Is Visible" library="SeleniumLibrary">
<arg>${fristProductAddBtn}</arg>
<doc>Waits until the element ``locator`` is visible.</doc>
<status status="PASS" starttime="20231116 11:47:00.071" endtime="20231116 11:47:00.087"/>
</kw>
<kw name="Click Button" library="SeleniumLibrary">
<arg>${fristProductAddBtn}</arg>
<doc>Clicks the button identified by ``locator``.</doc>
<msg timestamp="20231116 11:47:00.089" level="INFO">Clicking button 'xpath=//div[2]/button'.</msg>
<status status="PASS" starttime="20231116 11:47:00.088" endtime="20231116 11:47:00.334"/>
</kw>
<kw name="Get Text" library="SeleniumLibrary">
<var>${cart}</var>
<arg>${cartItemLbl}</arg>
<doc>Returns the text value of the element identified by ``locator``.</doc>
<msg timestamp="20231116 11:47:00.342" level="INFO">${cart} = 1</msg>
<status status="PASS" starttime="20231116 11:47:00.335" endtime="20231116 11:47:00.343"/>
</kw>
<if>
<branch type="IF" condition="&quot;${cart}&quot; != &quot;1&quot;">
<kw name="Run Keyword And Expect Error" library="BuiltIn">
<arg>FAIL</arg>
<arg>Text should be equal "1" but was "${cart}"</arg>
<doc>Runs the keyword and checks that the expected error occurred.</doc>
<status status="NOT RUN" starttime="20231116 11:47:00.344" endtime="20231116 11:47:00.344"/>
</kw>
<status status="NOT RUN" starttime="20231116 11:47:00.343" endtime="20231116 11:47:00.344"/>
</branch>
<status status="PASS" starttime="20231116 11:47:00.343" endtime="20231116 11:47:00.344"/>
</if>
<kw name="Get Text" library="SeleniumLibrary">
<var>${ProductName}</var>
<arg>${ProductNameLbl}</arg>
<doc>Returns the text value of the element identified by ``locator``.</doc>
<msg timestamp="20231116 11:47:00.353" level="INFO">${ProductName} = Sauce Labs Backpack</msg>
<status status="PASS" starttime="20231116 11:47:00.345" endtime="20231116 11:47:00.353"/>
</kw>
<kw name="Click Element" library="SeleniumLibrary">
<arg>${cartBtn}</arg>
<doc>Click the element identified by ``locator``.</doc>
<msg timestamp="20231116 11:47:00.355" level="INFO">Clicking element '//div[3]/a'.</msg>
<status status="PASS" starttime="20231116 11:47:00.355" endtime="20231116 11:47:00.580"/>
</kw>
<kw name="Element Text Should Be" library="SeleniumLibrary">
<arg>${YourCartLbl}</arg>
<arg>Your Cart</arg>
<doc>Verifies that element ``locator`` contains exact the text ``expected``.</doc>
<msg timestamp="20231116 11:47:00.584" level="INFO">Verifying element '//div[@id='header_container']/div[2]/span' contains exact text 'Your Cart'.</msg>
<status status="PASS" starttime="20231116 11:47:00.582" endtime="20231116 11:47:00.592"/>
</kw>
<kw name="Click Element" library="SeleniumLibrary">
<arg>${CheckoutBtn}</arg>
<doc>Click the element identified by ``locator``.</doc>
<msg timestamp="20231116 11:47:00.593" level="INFO">Clicking element 'id=checkout'.</msg>
<status status="PASS" starttime="20231116 11:47:00.592" endtime="20231116 11:47:00.827"/>
</kw>
<kw name="Wait Until Element Is Visible" library="SeleniumLibrary">
<arg>${CheckoutYourInfoLbl}</arg>
<doc>Waits until the element ``locator`` is visible.</doc>
<status status="PASS" starttime="20231116 11:47:00.828" endtime="20231116 11:47:00.847"/>
</kw>
<kw name="Element Text Should Be" library="SeleniumLibrary">
<arg>${CheckoutYourInfoLbl}</arg>
<arg>Checkout: Your Information</arg>
<doc>Verifies that element ``locator`` contains exact the text ``expected``.</doc>
<msg timestamp="20231116 11:47:00.848" level="INFO">Verifying element 'css:.title' contains exact text 'Checkout: Your Information'.</msg>
<status status="PASS" starttime="20231116 11:47:00.847" endtime="20231116 11:47:00.856"/>
</kw>
<kw name="Input Text" library="SeleniumLibrary">
<arg>${FirstNameTxt}</arg>
<arg>Username</arg>
<doc>Types the given ``text`` into the text field identified by ``locator``.</doc>
<msg timestamp="20231116 11:47:00.857" level="INFO">Typing text 'Username' into text field 'id=first-name'.</msg>
<status status="PASS" starttime="20231116 11:47:00.857" endtime="20231116 11:47:00.904"/>
</kw>
<kw name="Input Text" library="SeleniumLibrary">
<arg>${LastNametxt}</arg>
<arg>UserSurname</arg>
<doc>Types the given ``text`` into the text field identified by ``locator``.</doc>
<msg timestamp="20231116 11:47:00.906" level="INFO">Typing text 'UserSurname' into text field 'id=last-name'.</msg>
<status status="PASS" starttime="20231116 11:47:00.905" endtime="20231116 11:47:00.942"/>
</kw>
<kw name="Input Text" library="SeleniumLibrary">
<arg>${ZipPCTxt}</arg>
<arg>123456</arg>
<doc>Types the given ``text`` into the text field identified by ``locator``.</doc>
<msg timestamp="20231116 11:47:00.943" level="INFO">Typing text '123456' into text field 'id=postal-code'.</msg>
<status status="PASS" starttime="20231116 11:47:00.943" endtime="20231116 11:47:00.975"/>
</kw>
<kw name="Click Element" library="SeleniumLibrary">
<arg>${ContinueBtn}</arg>
<doc>Click the element identified by ``locator``.</doc>
<msg timestamp="20231116 11:47:00.977" level="INFO">Clicking element 'id=continue'.</msg>
<status status="PASS" starttime="20231116 11:47:00.976" endtime="20231116 11:47:01.202"/>
</kw>
<kw name="Wait Until Element Is Visible" library="SeleniumLibrary">
<arg>${CheckoutYourInfoLbl}</arg>
<doc>Waits until the element ``locator`` is visible.</doc>
<status status="PASS" starttime="20231116 11:47:01.203" endtime="20231116 11:47:01.220"/>
</kw>
<kw name="Get Text" library="SeleniumLibrary">
<var>${ProductCheckoutName}</var>
<arg>${ProductNameCheckout}</arg>
<doc>Returns the text value of the element identified by ``locator``.</doc>
<msg timestamp="20231116 11:47:01.228" level="INFO">${ProductCheckoutName} = Sauce Labs Backpack</msg>
<status status="PASS" starttime="20231116 11:47:01.220" endtime="20231116 11:47:01.229"/>
</kw>
<if>
<branch type="IF" condition="&quot;${ProductName}&quot; != &quot;${ProductCheckoutName}&quot;">
<kw name="Run Keyword And Expect Error" library="BuiltIn">
<arg>FAIL</arg>
<arg>Text should be equal "${ProductName}" but was "${ProductCheckoutName}"</arg>
<doc>Runs the keyword and checks that the expected error occurred.</doc>
<status status="NOT RUN" starttime="20231116 11:47:01.230" endtime="20231116 11:47:01.231"/>
</kw>
<status status="NOT RUN" starttime="20231116 11:47:01.230" endtime="20231116 11:47:01.231"/>
</branch>
<status status="PASS" starttime="20231116 11:47:01.229" endtime="20231116 11:47:01.231"/>
</if>
<kw name="Click Element" library="SeleniumLibrary">
<arg>${FinishCheckoutBtn}</arg>
<doc>Click the element identified by ``locator``.</doc>
<msg timestamp="20231116 11:47:01.233" level="INFO">Clicking element 'id=finish'.</msg>
<status status="PASS" starttime="20231116 11:47:01.232" endtime="20231116 11:47:01.463"/>
</kw>
<kw name="Validate Checkout Successfully" library="Keywords">
<kw name="Wait Until Element Is Visible" library="SeleniumLibrary">
<arg>${PageTitleCompleteLbl}</arg>
<doc>Waits until the element ``locator`` is visible.</doc>
<status status="PASS" starttime="20231116 11:47:01.464" endtime="20231116 11:47:01.480"/>
</kw>
<kw name="Element Text Should Be" library="SeleniumLibrary">
<arg>${PageTitleCompleteLbl}</arg>
<arg>Checkout: Complete!</arg>
<doc>Verifies that element ``locator`` contains exact the text ``expected``.</doc>
<msg timestamp="20231116 11:47:01.481" level="INFO">Verifying element 'css:.title' contains exact text 'Checkout: Complete!'.</msg>
<status status="PASS" starttime="20231116 11:47:01.480" endtime="20231116 11:47:01.488"/>
</kw>
<kw name="Element Text Should Be" library="SeleniumLibrary">
<arg>${MainMessageLbl}</arg>
<arg>Thank you for your order!</arg>
<doc>Verifies that element ``locator`` contains exact the text ``expected``.</doc>
<msg timestamp="20231116 11:47:01.489" level="INFO">Verifying element '//h2' contains exact text 'Thank you for your order!'.</msg>
<status status="PASS" starttime="20231116 11:47:01.488" endtime="20231116 11:47:01.498"/>
</kw>
<kw name="Element Text Should Be" library="SeleniumLibrary">
<arg>${CompleteMessageLbl}</arg>
<arg>Your order has been dispatched, and will arrive just as fast as the pony can get there!</arg>
<doc>Verifies that element ``locator`` contains exact the text ``expected``.</doc>
<msg timestamp="20231116 11:47:01.499" level="INFO">Verifying element 'css:.complete-text' contains exact text 'Your order has been dispatched, and will arrive just as fast as the pony can get there!'.</msg>
<status status="PASS" starttime="20231116 11:47:01.499" endtime="20231116 11:47:01.506"/>
</kw>
<status status="PASS" starttime="20231116 11:47:01.464" endtime="20231116 11:47:01.507"/>
</kw>
<kw name="Finish TC" library="Keywords" type="TEARDOWN">
<kw name="Execute Javascript" library="SeleniumLibrary">
<arg>window.localStorage.clear()</arg>
<doc>Executes the given JavaScript code with possible arguments.</doc>
<msg timestamp="20231116 11:47:01.509" level="INFO">Executing JavaScript:
window.localStorage.clear()
Without any arguments.</msg>
<status status="PASS" starttime="20231116 11:47:01.508" endtime="20231116 11:47:01.515"/>
</kw>
<kw name="Close Browser" library="SeleniumLibrary">
<doc>Closes the current browser.</doc>
<status status="PASS" starttime="20231116 11:47:01.515" endtime="20231116 11:47:04.923"/>
</kw>
<status status="PASS" starttime="20231116 11:47:01.508" endtime="20231116 11:47:04.924"/>
</kw>
<status status="PASS" starttime="20231116 11:46:51.861" endtime="20231116 11:47:04.924"/>
</test>
<doc>Executable file for UI Regression Testing</doc>
<status status="PASS" starttime="20231116 11:45:34.710" endtime="20231116 11:47:04.928"/>
</suite>
<status status="PASS" starttime="20231116 11:45:34.706" endtime="20231116 11:47:04.933"/>
</suite>
<status status="PASS" starttime="20231116 11:45:34.672" endtime="20231116 11:47:04.936"/>
</suite>
<statistics>
<total>
<stat pass="8" fail="0" skip="0">All Tests</stat>
</total>
<tag>
</tag>
<suite>
<stat pass="8" fail="0" skip="0" id="s1" name="AutomatedTestsRobotExample">AutomatedTestsRobotExample</stat>
<stat pass="8" fail="0" skip="0" id="s1-s1" name="Tests">AutomatedTestsRobotExample.Tests</stat>
<stat pass="8" fail="0" skip="0" id="s1-s1-s1" name="UI Tests">AutomatedTestsRobotExample.Tests.UI Tests</stat>
</suite>
</statistics>
<errors>
</errors>
</robot>
