<?xml version="1.0" encoding="UTF-8"?>
<robot generator="Robot 6.0.2 (Python 3.11.3 on win32)" generated="20230717 10:44:03.416" rpa="false" schemaversion="3">
<suite id="s1" name="AutTestDemo" source="C:\AutTestDemo">
<suite id="s1-s1" name="Tests" source="C:\AutTestDemo\tests">
<suite id="s1-s1-s1" name="UI Tests" source="C:\AutTestDemo\tests\UI_Tests.robot">
<test id="s1-s1-s1-t1" name="1.1.7 - Example using Arguments - Blank Username" line="94">
<kw name="Open Saucedemo URL" library="Keywords">
<kw name="Open Browser" library="SeleniumLibrary">
<arg>${URL_SauceDemo_QA}</arg>
<arg>${Browser}</arg>
<doc>Opens a new browser instance to the optional ``url``.</doc>
<msg timestamp="20230717 10:44:03.786" level="INFO">Opening browser 'Chrome' to base url 'https://www.saucedemo.com/'.</msg>
<msg timestamp="20230717 10:44:03.798" level="INFO">Executing: C:\Users\VictorMelo\AppData\Roaming\Python\Python311\site-packages\selenium\webdriver\common\windows\selenium-manager.exe --browser chrome --output json</msg>
<status status="PASS" starttime="20230717 10:44:03.785" endtime="20230717 10:44:06.014"/>
</kw>
<kw name="Maximize Browser Window" library="SeleniumLibrary">
<doc>Maximizes current browser window.</doc>
<status status="PASS" starttime="20230717 10:44:06.015" endtime="20230717 10:44:06.135"/>
</kw>
<status status="PASS" starttime="20230717 10:44:03.784" endtime="20230717 10:44:06.136"/>
</kw>
<kw name="ExampleArguments" library="Keywords">
<arg>${Empty}</arg>
<arg>${password}</arg>
<kw name="Wait Until Element Is Visible" library="SeleniumLibrary">
<arg>${UserNameTxt}</arg>
<doc>Waits until the element ``locator`` is visible.</doc>
<status status="PASS" starttime="20230717 10:44:06.140" endtime="20230717 10:44:06.195"/>
</kw>
<kw name="Input Text" library="SeleniumLibrary">
<arg>${UserNameTxt}</arg>
<arg>${user}</arg>
<doc>Types the given ``text`` into the text field identified by ``locator``.</doc>
<msg timestamp="20230717 10:44:06.198" level="INFO">Typing text '' into text field 'id=user-name'.</msg>
<status status="PASS" starttime="20230717 10:44:06.196" endtime="20230717 10:44:06.352"/>
</kw>
<kw name="Input Text" library="SeleniumLibrary">
<arg>${PasswordTxt}</arg>
<arg>${pass}</arg>
<doc>Types the given ``text`` into the text field identified by ``locator``.</doc>
<msg timestamp="20230717 10:44:06.355" level="INFO">Typing text 'secret_sauce' into text field 'id=password'.</msg>
<status status="PASS" starttime="20230717 10:44:06.353" endtime="20230717 10:44:06.475"/>
</kw>
<kw name="Click Button" library="SeleniumLibrary">
<arg>${LoginBtn}</arg>
<doc>Clicks the button identified by ``locator``.</doc>
<msg timestamp="20230717 10:44:06.478" level="INFO">Clicking button 'id=login-button'.</msg>
<status status="PASS" starttime="20230717 10:44:06.476" endtime="20230717 10:44:06.550"/>
</kw>
<status status="PASS" starttime="20230717 10:44:06.137" endtime="20230717 10:44:06.551"/>
</kw>
<kw name="Wait Until Element Is Visible" library="SeleniumLibrary">
<arg>${ErrorLoginMessage}</arg>
<doc>Waits until the element ``locator`` is visible.</doc>
<status status="PASS" starttime="20230717 10:44:06.552" endtime="20230717 10:44:06.582"/>
</kw>
<kw name="Element Text Should Be" library="SeleniumLibrary">
<arg>${ErrorLoginMessage}</arg>
<arg>Epic sadface: Username is required</arg>
<doc>Verifies that element ``locator`` contains exact the text ``expected``.</doc>
<msg timestamp="20230717 10:44:06.585" level="INFO">Verifying element '//h3' contains exact text 'Epic sadface: Username is required'.</msg>
<status status="PASS" starttime="20230717 10:44:06.583" endtime="20230717 10:44:06.613"/>
</kw>
<kw name="Element Should Be Visible" library="SeleniumLibrary">
<arg>${XIconUser}</arg>
<doc>Verifies that the element identified by ``locator`` is visible.</doc>
<msg timestamp="20230717 10:44:06.643" level="INFO">Element 'css:.form_group:nth-child(1) path' is displayed.</msg>
<status status="PASS" starttime="20230717 10:44:06.614" endtime="20230717 10:44:06.644"/>
</kw>
<kw name="Element Should Be Visible" library="SeleniumLibrary">
<arg>${XIconPassword}</arg>
<doc>Verifies that the element identified by ``locator`` is visible.</doc>
<msg timestamp="20230717 10:44:06.680" level="INFO">Element 'css:.form_group:nth-child(2) path' is displayed.</msg>
<status status="PASS" starttime="20230717 10:44:06.646" endtime="20230717 10:44:06.680"/>
</kw>
<kw name="Finish TC" library="Keywords">
<kw name="Execute Javascript" library="SeleniumLibrary">
<arg>window.localStorage.clear()</arg>
<doc>Executes the given JavaScript code with possible arguments.</doc>
<msg timestamp="20230717 10:44:06.684" level="INFO">Executing JavaScript:
window.localStorage.clear()
Without any arguments.</msg>
<status status="PASS" starttime="20230717 10:44:06.683" endtime="20230717 10:44:06.695"/>
</kw>
<kw name="Close Browser" library="SeleniumLibrary">
<doc>Closes the current browser.</doc>
<status status="PASS" starttime="20230717 10:44:06.695" endtime="20230717 10:44:08.911"/>
</kw>
<status status="PASS" starttime="20230717 10:44:06.682" endtime="20230717 10:44:08.912"/>
</kw>
<status status="PASS" starttime="20230717 10:44:03.783" endtime="20230717 10:44:08.912"/>
</test>
<doc>Executable file for UI Regression Testing</doc>
<status status="PASS" starttime="20230717 10:44:03.459" endtime="20230717 10:44:08.916"/>
</suite>
<status status="PASS" starttime="20230717 10:44:03.454" endtime="20230717 10:44:08.920"/>
</suite>
<status status="PASS" starttime="20230717 10:44:03.422" endtime="20230717 10:44:08.925"/>
</suite>
<statistics>
<total>
<stat pass="1" fail="0" skip="0">All Tests</stat>
</total>
<tag>
</tag>
<suite>
<stat pass="1" fail="0" skip="0" id="s1" name="AutTestDemo">AutTestDemo</stat>
<stat pass="1" fail="0" skip="0" id="s1-s1" name="Tests">AutTestDemo.Tests</stat>
<stat pass="1" fail="0" skip="0" id="s1-s1-s1" name="UI Tests">AutTestDemo.Tests.UI Tests</stat>
</suite>
</statistics>
<errors>
</errors>
</robot>
