<?xml version="1.0" encoding="UTF-8"?>
<robot generator="Robot 6.1.1 (Python 3.11.3 on win32)" generated="20231117 16:37:11.525" rpa="false" schemaversion="4">
<suite id="s1" name="AutomatedTestsRobotExample" source="C:\Users\VictorMelo\asd\AutomatedTestsRobotExample">
<suite id="s1-s1" name="Tests" source="C:\Users\VictorMelo\asd\AutomatedTestsRobotExample\tests">
<suite id="s1-s1-s1" name="UI Tests" source="C:\Users\VictorMelo\asd\AutomatedTestsRobotExample\tests\UI_Tests.robot">
<test id="s1-s1-s1-t1" name="2.1.1 - Add product to Cart and finish with positive Purchase flow" line="39">
<kw name="Valid Login" library="LoginPagePO" type="SETUP">
<kw name="Open Saucedemo URL" library="BrowserResources">
<kw name="Open Browser" library="SeleniumLibrary">
<arg>${URL_SauceDemo_QA}</arg>
<arg>${Browser}</arg>
<doc>Opens a new browser instance to the optional ``url``.</doc>
<msg timestamp="20231117 16:37:11.950" level="INFO">Opening browser 'Firefox' to base url 'https://www.saucedemo.com/'.</msg>
<status status="PASS" starttime="20231117 16:37:11.949" endtime="20231117 16:37:18.931"/>
</kw>
<kw name="Maximize Browser Window" library="SeleniumLibrary">
<doc>Maximizes current browser window.</doc>
<status status="PASS" starttime="20231117 16:37:18.932" endtime="20231117 16:37:19.218"/>
</kw>
<status status="PASS" starttime="20231117 16:37:11.949" endtime="20231117 16:37:19.219"/>
</kw>
<kw name="Wait Until Element Is Visible" library="SeleniumLibrary">
<arg>${UserNameTxt}</arg>
<doc>Waits until the element ``locator`` is visible.</doc>
<status status="PASS" starttime="20231117 16:37:19.220" endtime="20231117 16:37:19.264"/>
</kw>
<kw name="Input Text" library="SeleniumLibrary">
<arg>${UserNameTxt}</arg>
<arg>${standarduser}</arg>
<doc>Types the given ``text`` into the text field identified by ``locator``.</doc>
<msg timestamp="20231117 16:37:19.268" level="INFO">Typing text 'standard_user' into text field 'id=user-name'.</msg>
<status status="PASS" starttime="20231117 16:37:19.265" endtime="20231117 16:37:19.410"/>
</kw>
<kw name="Input Text" library="SeleniumLibrary">
<arg>${PasswordTxt}</arg>
<arg>${password}</arg>
<doc>Types the given ``text`` into the text field identified by ``locator``.</doc>
<msg timestamp="20231117 16:37:19.412" level="INFO">Typing text 'secret_sauce' into text field 'id=password'.</msg>
<status status="PASS" starttime="20231117 16:37:19.410" endtime="20231117 16:37:19.462"/>
</kw>
<kw name="Click Button" library="SeleniumLibrary">
<arg>${LoginBtn}</arg>
<doc>Clicks the button identified by ``locator``.</doc>
<msg timestamp="20231117 16:37:19.465" level="INFO">Clicking button 'id=login-button'.</msg>
<status status="PASS" starttime="20231117 16:37:19.462" endtime="20231117 16:37:19.733"/>
</kw>
<kw name="Wait Until Element Is Visible" library="SeleniumLibrary">
<arg>${SwagLabsLbl}</arg>
<doc>Waits until the element ``locator`` is visible.</doc>
<status status="PASS" starttime="20231117 16:37:19.734" endtime="20231117 16:37:19.757"/>
</kw>
<kw name="Element Text Should Be" library="SeleniumLibrary">
<arg>${SwagLabsLbl}</arg>
<arg>Swag Labs</arg>
<doc>Verifies that element ``locator`` contains exact the text ``expected``.</doc>
<msg timestamp="20231117 16:37:19.759" level="INFO">Verifying element '//div[@id='header_container']/div/div[2]/div' contains exact text 'Swag Labs'.</msg>
<status status="PASS" starttime="20231117 16:37:19.757" endtime="20231117 16:37:19.786"/>
</kw>
<kw name="Element Text Should Be" library="SeleniumLibrary">
<arg>${ProducsSwagLabsLbl}</arg>
<arg>Products</arg>
<doc>Verifies that element ``locator`` contains exact the text ``expected``.</doc>
<msg timestamp="20231117 16:37:19.789" level="INFO">Verifying element 'css:.title' contains exact text 'Products'.</msg>
<status status="PASS" starttime="20231117 16:37:19.787" endtime="20231117 16:37:19.802"/>
</kw>
<status status="PASS" starttime="20231117 16:37:11.947" endtime="20231117 16:37:19.803"/>
</kw>
<kw name="Select First Product" library="HomePagePO">
<kw name="Wait Until Element Is Visible" library="SeleniumLibrary">
<arg>${fristProductAddBtn}</arg>
<doc>Waits until the element ``locator`` is visible.</doc>
<status status="PASS" starttime="20231117 16:37:19.806" endtime="20231117 16:37:19.828"/>
</kw>
<kw name="Click Button" library="SeleniumLibrary">
<arg>${fristProductAddBtn}</arg>
<doc>Clicks the button identified by ``locator``.</doc>
<msg timestamp="20231117 16:37:19.834" level="INFO">Clicking button 'xpath=//div[2]/button'.</msg>
<status status="PASS" starttime="20231117 16:37:19.829" endtime="20231117 16:37:20.110"/>
</kw>
<status status="PASS" starttime="20231117 16:37:19.805" endtime="20231117 16:37:20.110"/>
</kw>
<kw name="Validate if Cart Icon updates the amount after adding a product to the cart" library="HomePagePO">
<kw name="Get Text" library="SeleniumLibrary">
<var>${cart}</var>
<arg>${cartItemLbl}</arg>
<doc>Returns the text value of the element identified by ``locator``.</doc>
<msg timestamp="20231117 16:37:20.124" level="INFO">${cart} = 1</msg>
<status status="PASS" starttime="20231117 16:37:20.113" endtime="20231117 16:37:20.125"/>
</kw>
<if>
<branch type="IF" condition="&quot;${cart}&quot; != &quot;1&quot;">
<kw name="Run Keyword And Expect Error" library="BuiltIn">
<arg>FAIL</arg>
<arg>Text should be equal "1" but was "${cart}"</arg>
<doc>Runs the keyword and checks that the expected error occurred.</doc>
<status status="NOT RUN" starttime="20231117 16:37:20.126" endtime="20231117 16:37:20.127"/>
</kw>
<status status="NOT RUN" starttime="20231117 16:37:20.125" endtime="20231117 16:37:20.127"/>
</branch>
<status status="PASS" starttime="20231117 16:37:20.125" endtime="20231117 16:37:20.128"/>
</if>
<kw name="Get Text" library="SeleniumLibrary">
<var>${ProductName}</var>
<arg>${ProductNameLbl}</arg>
<doc>Returns the text value of the element identified by ``locator``.</doc>
<msg timestamp="20231117 16:37:20.144" level="INFO">${ProductName} = Sauce Labs Backpack</msg>
<status status="PASS" starttime="20231117 16:37:20.128" endtime="20231117 16:37:20.144"/>
</kw>
<kw name="Set Test Variable" library="BuiltIn">
<arg>${ProductName}</arg>
<doc>Makes a variable available everywhere within the scope of the current test.</doc>
<msg timestamp="20231117 16:37:20.146" level="INFO">${ProductName} = Sauce Labs Backpack</msg>
<status status="PASS" starttime="20231117 16:37:20.145" endtime="20231117 16:37:20.147"/>
</kw>
<status status="PASS" starttime="20231117 16:37:20.112" endtime="20231117 16:37:20.148"/>
</kw>
<kw name="Go To Cart Btn" library="HomePagePO">
<kw name="Wait Until Element Is Visible" library="SeleniumLibrary">
<arg>${cartBtn}</arg>
<doc>Waits until the element ``locator`` is visible.</doc>
<status status="PASS" starttime="20231117 16:37:20.151" endtime="20231117 16:37:20.174"/>
</kw>
<kw name="Click Element" library="SeleniumLibrary">
<arg>${cartBtn}</arg>
<doc>Click the element identified by ``locator``.</doc>
<msg timestamp="20231117 16:37:20.177" level="INFO">Clicking element '//div[3]/a'.</msg>
<status status="PASS" starttime="20231117 16:37:20.175" endtime="20231117 16:37:20.418"/>
</kw>
<status status="PASS" starttime="20231117 16:37:20.149" endtime="20231117 16:37:20.419"/>
</kw>
<kw name="Validate If Cart Page is Loaded" library="CartPagePO">
<kw name="Element Text Should Be" library="SeleniumLibrary">
<arg>${YourCartLbl}</arg>
<arg>Your Cart</arg>
<doc>Verifies that element ``locator`` contains exact the text ``expected``.</doc>
<msg timestamp="20231117 16:37:20.423" level="INFO">Verifying element '//div[@id='header_container']/div[2]/span' contains exact text 'Your Cart'.</msg>
<status status="PASS" starttime="20231117 16:37:20.421" endtime="20231117 16:37:20.431"/>
</kw>
<status status="PASS" starttime="20231117 16:37:20.420" endtime="20231117 16:37:20.432"/>
</kw>
<kw name="Click in Checkout button" library="CartPagePO">
<kw name="Wait Until Element Is Visible" library="SeleniumLibrary">
<arg>${CheckoutBtn}</arg>
<doc>Waits until the element ``locator`` is visible.</doc>
<status status="PASS" starttime="20231117 16:37:20.434" endtime="20231117 16:37:20.451"/>
</kw>
<kw name="Click Element" library="SeleniumLibrary">
<arg>${CheckoutBtn}</arg>
<doc>Click the element identified by ``locator``.</doc>
<msg timestamp="20231117 16:37:20.456" level="INFO">Clicking element 'id=checkout'.</msg>
<status status="PASS" starttime="20231117 16:37:20.453" endtime="20231117 16:37:20.697"/>
</kw>
<status status="PASS" starttime="20231117 16:37:20.433" endtime="20231117 16:37:20.697"/>
</kw>
<kw name="Validate If Checkout Page is Loaded" library="CheckoutPagePO">
<kw name="Wait Until Element Is Visible" library="SeleniumLibrary">
<arg>${CheckoutYourInfoLbl}</arg>
<doc>Waits until the element ``locator`` is visible.</doc>
<status status="PASS" starttime="20231117 16:37:20.700" endtime="20231117 16:37:20.718"/>
</kw>
<kw name="Element Text Should Be" library="SeleniumLibrary">
<arg>${CheckoutYourInfoLbl}</arg>
<arg>Checkout: Your Information</arg>
<doc>Verifies that element ``locator`` contains exact the text ``expected``.</doc>
<msg timestamp="20231117 16:37:20.720" level="INFO">Verifying element 'css:.title' contains exact text 'Checkout: Your Information'.</msg>
<status status="PASS" starttime="20231117 16:37:20.719" endtime="20231117 16:37:20.735"/>
</kw>
<status status="PASS" starttime="20231117 16:37:20.699" endtime="20231117 16:37:20.736"/>
</kw>
<kw name="Fill Checkout Information" library="CheckoutPagePO">
<kw name="Input Text" library="SeleniumLibrary">
<arg>${FirstNameTxt}</arg>
<arg>Username</arg>
<doc>Types the given ``text`` into the text field identified by ``locator``.</doc>
<msg timestamp="20231117 16:37:20.740" level="INFO">Typing text 'Username' into text field 'id=first-name'.</msg>
<status status="PASS" starttime="20231117 16:37:20.739" endtime="20231117 16:37:20.808"/>
</kw>
<kw name="Input Text" library="SeleniumLibrary">
<arg>${LastNametxt}</arg>
<arg>UserSurname</arg>
<doc>Types the given ``text`` into the text field identified by ``locator``.</doc>
<msg timestamp="20231117 16:37:20.810" level="INFO">Typing text 'UserSurname' into text field 'id=last-name'.</msg>
<status status="PASS" starttime="20231117 16:37:20.808" endtime="20231117 16:37:20.853"/>
</kw>
<kw name="Input Text" library="SeleniumLibrary">
<arg>${ZipPCTxt}</arg>
<arg>123456</arg>
<doc>Types the given ``text`` into the text field identified by ``locator``.</doc>
<msg timestamp="20231117 16:37:20.856" level="INFO">Typing text '123456' into text field 'id=postal-code'.</msg>
<status status="PASS" starttime="20231117 16:37:20.854" endtime="20231117 16:37:20.879"/>
</kw>
<kw name="Click Element" library="SeleniumLibrary">
<arg>${ContinueBtn}</arg>
<doc>Click the element identified by ``locator``.</doc>
<msg timestamp="20231117 16:37:20.880" level="INFO">Clicking element 'id=continue'.</msg>
<status status="PASS" starttime="20231117 16:37:20.879" endtime="20231117 16:37:21.105"/>
</kw>
<status status="PASS" starttime="20231117 16:37:20.737" endtime="20231117 16:37:21.106"/>
</kw>
<kw name="Validate if the product inserted is the same as previous added to the cart" library="CartPagePO">
<kw name="Get Text" library="SeleniumLibrary">
<var>${ProductCheckoutName}</var>
<arg>${ProductNameCheckout}</arg>
<doc>Returns the text value of the element identified by ``locator``.</doc>
<msg timestamp="20231117 16:37:21.120" level="INFO">${ProductCheckoutName} = Sauce Labs Backpack</msg>
<status status="PASS" starttime="20231117 16:37:21.108" endtime="20231117 16:37:21.120"/>
</kw>
<if>
<branch type="IF" condition="&quot;${ProductName}&quot; != &quot;${ProductCheckoutName}&quot;">
<kw name="Run Keyword And Expect Error" library="BuiltIn">
<arg>FAIL</arg>
<arg>Text should be equal "${ProductName}" but was "${ProductCheckoutName}"</arg>
<doc>Runs the keyword and checks that the expected error occurred.</doc>
<status status="NOT RUN" starttime="20231117 16:37:21.122" endtime="20231117 16:37:21.123"/>
</kw>
<status status="NOT RUN" starttime="20231117 16:37:21.121" endtime="20231117 16:37:21.123"/>
</branch>
<status status="PASS" starttime="20231117 16:37:21.121" endtime="20231117 16:37:21.123"/>
</if>
<status status="PASS" starttime="20231117 16:37:21.107" endtime="20231117 16:37:21.123"/>
</kw>
<kw name="Click in Finish Checkout" library="CheckoutPagePO">
<kw name="Click Element" library="SeleniumLibrary">
<arg>${FinishCheckoutBtn}</arg>
<doc>Click the element identified by ``locator``.</doc>
<msg timestamp="20231117 16:37:21.126" level="INFO">Clicking element 'id=finish'.</msg>
<status status="PASS" starttime="20231117 16:37:21.125" endtime="20231117 16:37:21.354"/>
</kw>
<status status="PASS" starttime="20231117 16:37:21.124" endtime="20231117 16:37:21.355"/>
</kw>
<kw name="Validate Checkout Successfully" library="CheckoutCompletedPagePO">
<kw name="Wait Until Element Is Visible" library="SeleniumLibrary">
<arg>${PageTitleCompleteLbl}</arg>
<doc>Waits until the element ``locator`` is visible.</doc>
<status status="PASS" starttime="20231117 16:37:21.357" endtime="20231117 16:37:21.373"/>
</kw>
<kw name="Element Text Should Be" library="SeleniumLibrary">
<arg>${PageTitleCompleteLbl}</arg>
<arg>Checkout: Complete!</arg>
<doc>Verifies that element ``locator`` contains exact the text ``expected``.</doc>
<msg timestamp="20231117 16:37:21.375" level="INFO">Verifying element 'css:.title' contains exact text 'Checkout: Complete!'.</msg>
<status status="PASS" starttime="20231117 16:37:21.373" endtime="20231117 16:37:21.392"/>
</kw>
<kw name="Element Text Should Be" library="SeleniumLibrary">
<arg>${MainMessageLbl}</arg>
<arg>Thank you for your order!</arg>
<doc>Verifies that element ``locator`` contains exact the text ``expected``.</doc>
<msg timestamp="20231117 16:37:21.395" level="INFO">Verifying element '//h2' contains exact text 'Thank you for your order!'.</msg>
<status status="PASS" starttime="20231117 16:37:21.393" endtime="20231117 16:37:21.411"/>
</kw>
<kw name="Element Text Should Be" library="SeleniumLibrary">
<arg>${CompleteMessageLbl}</arg>
<arg>Your order has been dispatched, and will arrive just as fast as the pony can get there!</arg>
<doc>Verifies that element ``locator`` contains exact the text ``expected``.</doc>
<msg timestamp="20231117 16:37:21.414" level="INFO">Verifying element 'css:.complete-text' contains exact text 'Your order has been dispatched, and will arrive just as fast as the pony can get there!'.</msg>
<status status="PASS" starttime="20231117 16:37:21.411" endtime="20231117 16:37:21.430"/>
</kw>
<status status="PASS" starttime="20231117 16:37:21.356" endtime="20231117 16:37:21.430"/>
</kw>
<kw name="Finish TC" library="BrowserResources" type="TEARDOWN">
<kw name="Execute Javascript" library="SeleniumLibrary">
<arg>window.localStorage.clear()</arg>
<doc>Executes the given JavaScript code with possible arguments.</doc>
<msg timestamp="20231117 16:37:21.436" level="INFO">Executing JavaScript:
window.localStorage.clear()
Without any arguments.</msg>
<status status="PASS" starttime="20231117 16:37:21.434" endtime="20231117 16:37:21.443"/>
</kw>
<kw name="Close Browser" library="SeleniumLibrary">
<doc>Closes the current browser.</doc>
<status status="PASS" starttime="20231117 16:37:21.443" endtime="20231117 16:37:24.672"/>
</kw>
<status status="PASS" starttime="20231117 16:37:21.432" endtime="20231117 16:37:24.672"/>
</kw>
<status status="PASS" starttime="20231117 16:37:11.946" endtime="20231117 16:37:24.673"/>
</test>
<doc>Executable file for UI Regression Testing</doc>
<status status="PASS" starttime="20231117 16:37:11.566" endtime="20231117 16:37:24.676"/>
</suite>
<status status="PASS" starttime="20231117 16:37:11.560" endtime="20231117 16:37:24.680"/>
</suite>
<status status="PASS" starttime="20231117 16:37:11.533" endtime="20231117 16:37:24.683"/>
</suite>
<statistics>
<total>
<stat pass="1" fail="0" skip="0">All Tests</stat>
</total>
<tag>
</tag>
<suite>
<stat pass="1" fail="0" skip="0" id="s1" name="AutomatedTestsRobotExample">AutomatedTestsRobotExample</stat>
<stat pass="1" fail="0" skip="0" id="s1-s1" name="Tests">AutomatedTestsRobotExample.Tests</stat>
<stat pass="1" fail="0" skip="0" id="s1-s1-s1" name="UI Tests">AutomatedTestsRobotExample.Tests.UI Tests</stat>
</suite>
</statistics>
<errors>
</errors>
</robot>
