<?xml version="1.0" encoding="UTF-8"?>
<robot generator="Robot 6.0.2 (Python 3.11.3 on win32)" generated="20230714 11:47:24.258" rpa="false" schemaversion="3">
<suite id="s1" name="AutTestDemo" source="C:\AutTestDemo">
<suite id="s1-s1" name="Tests" source="C:\AutTestDemo\tests">
<suite id="s1-s1-s1" name="UI Tests" source="C:\AutTestDemo\tests\UI_Tests.robot">
<test id="s1-s1-s1-t1" name="1.1.1 - Valid Login" line="26">
<kw name="Open Saucedemo URL" library="Keywords">
<kw name="Open Browser" library="SeleniumLibrary">
<arg>${URL_SauceDemo_QA}</arg>
<arg>${Browser}</arg>
<doc>Opens a new browser instance to the optional ``url``.</doc>
<msg timestamp="20230714 11:47:24.623" level="INFO">Opening browser 'Chrome' to base url 'https://www.saucedemo.com/'.</msg>
<msg timestamp="20230714 11:47:24.636" level="INFO">Executing: C:\Users\VictorMelo\AppData\Roaming\Python\Python311\site-packages\selenium\webdriver\common\windows\selenium-manager.exe --browser chrome --output json</msg>
<status status="PASS" starttime="20230714 11:47:24.623" endtime="20230714 11:47:26.642"/>
</kw>
<kw name="Maximize Browser Window" library="SeleniumLibrary">
<doc>Maximizes current browser window.</doc>
<status status="PASS" starttime="20230714 11:47:26.643" endtime="20230714 11:47:26.771"/>
</kw>
<status status="PASS" starttime="20230714 11:47:24.622" endtime="20230714 11:47:26.771"/>
</kw>
<kw name="Wait Until Element Is Visible" library="SeleniumLibrary">
<arg>${UserNameTxt}</arg>
<doc>Waits until the element ``locator`` is visible.</doc>
<status status="PASS" starttime="20230714 11:47:26.774" endtime="20230714 11:47:26.817"/>
</kw>
<kw name="Input Text" library="SeleniumLibrary">
<arg>${UserNameTxt}</arg>
<arg>${standarduser}</arg>
<doc>Types the given ``text`` into the text field identified by ``locator``.</doc>
<msg timestamp="20230714 11:47:26.823" level="INFO">Typing text 'standard_user' into text field 'id=user-name'.</msg>
<status status="PASS" starttime="20230714 11:47:26.820" endtime="20230714 11:47:26.971"/>
</kw>
<kw name="Input Text" library="SeleniumLibrary">
<arg>${PasswordTxt}</arg>
<arg>${password}</arg>
<doc>Types the given ``text`` into the text field identified by ``locator``.</doc>
<msg timestamp="20230714 11:47:26.973" level="INFO">Typing text 'secret_sauce' into text field 'id=password'.</msg>
<status status="PASS" starttime="20230714 11:47:26.972" endtime="20230714 11:47:27.081"/>
</kw>
<kw name="Click Button" library="SeleniumLibrary">
<arg>${LoginBtn}</arg>
<doc>Clicks the button identified by ``locator``.</doc>
<msg timestamp="20230714 11:47:27.084" level="INFO">Clicking button 'id=login-button'.</msg>
<status status="PASS" starttime="20230714 11:47:27.082" endtime="20230714 11:47:27.199"/>
</kw>
<kw name="Wait Until Element Is Visible" library="SeleniumLibrary">
<arg>${SwagLabsLbl}</arg>
<doc>Waits until the element ``locator`` is visible.</doc>
<status status="PASS" starttime="20230714 11:47:27.200" endtime="20230714 11:47:27.233"/>
</kw>
<kw name="Element Text Should Be" library="SeleniumLibrary">
<arg>${SwagLabsLbl}</arg>
<arg>Swag Labs</arg>
<doc>Verifies that element ``locator`` contains exact the text ``expected``.</doc>
<msg timestamp="20230714 11:47:27.235" level="INFO">Verifying element '//div[@id='header_container']/div/div[2]/div' contains exact text 'Swag Labs'.</msg>
<status status="PASS" starttime="20230714 11:47:27.234" endtime="20230714 11:47:27.267"/>
</kw>
<kw name="Element Text Should Be" library="SeleniumLibrary">
<arg>${ProducsSwagLabsLbl}</arg>
<arg>Products</arg>
<doc>Verifies that element ``locator`` contains exact the text ``expected``.</doc>
<msg timestamp="20230714 11:47:27.270" level="INFO">Verifying element 'css:.title' contains exact text 'Products'.</msg>
<status status="PASS" starttime="20230714 11:47:27.268" endtime="20230714 11:47:27.299"/>
</kw>
<kw name="Finish TC" library="Keywords">
<kw name="Execute Javascript" library="SeleniumLibrary">
<arg>window.localStorage.clear()</arg>
<doc>Executes the given JavaScript code with possible arguments.</doc>
<msg timestamp="20230714 11:47:27.303" level="INFO">Executing JavaScript:
window.localStorage.clear()
Without any arguments.</msg>
<status status="PASS" starttime="20230714 11:47:27.301" endtime="20230714 11:47:27.313"/>
</kw>
<kw name="Close Browser" library="SeleniumLibrary">
<doc>Closes the current browser.</doc>
<status status="PASS" starttime="20230714 11:47:27.313" endtime="20230714 11:47:29.517"/>
</kw>
<status status="PASS" starttime="20230714 11:47:27.300" endtime="20230714 11:47:29.518"/>
</kw>
<status status="PASS" starttime="20230714 11:47:24.621" endtime="20230714 11:47:29.519"/>
</test>
<test id="s1-s1-s1-t2" name="1.1.2 - Nonexistent Username" line="37">
<kw name="Open Saucedemo URL" library="Keywords">
<kw name="Open Browser" library="SeleniumLibrary">
<arg>${URL_SauceDemo_QA}</arg>
<arg>${Browser}</arg>
<doc>Opens a new browser instance to the optional ``url``.</doc>
<msg timestamp="20230714 11:47:29.526" level="INFO">Opening browser 'Chrome' to base url 'https://www.saucedemo.com/'.</msg>
<msg timestamp="20230714 11:47:29.539" level="INFO">Executing: C:\Users\VictorMelo\AppData\Roaming\Python\Python311\site-packages\selenium\webdriver\common\windows\selenium-manager.exe --browser chrome --output json</msg>
<status status="PASS" starttime="20230714 11:47:29.525" endtime="20230714 11:47:31.691"/>
</kw>
<kw name="Maximize Browser Window" library="SeleniumLibrary">
<doc>Maximizes current browser window.</doc>
<status status="PASS" starttime="20230714 11:47:31.691" endtime="20230714 11:47:31.808"/>
</kw>
<status status="PASS" starttime="20230714 11:47:29.523" endtime="20230714 11:47:31.809"/>
</kw>
<kw name="Wait Until Element Is Visible" library="SeleniumLibrary">
<arg>${UserNameTxt}</arg>
<doc>Waits until the element ``locator`` is visible.</doc>
<status status="PASS" starttime="20230714 11:47:31.810" endtime="20230714 11:47:31.846"/>
</kw>
<kw name="Input Text" library="SeleniumLibrary">
<arg>${UserNameTxt}</arg>
<arg>IDontExist</arg>
<doc>Types the given ``text`` into the text field identified by ``locator``.</doc>
<msg timestamp="20230714 11:47:31.849" level="INFO">Typing text 'IDontExist' into text field 'id=user-name'.</msg>
<status status="PASS" starttime="20230714 11:47:31.847" endtime="20230714 11:47:31.988"/>
</kw>
<kw name="Input Text" library="SeleniumLibrary">
<arg>${PasswordTxt}</arg>
<arg>${password}</arg>
<doc>Types the given ``text`` into the text field identified by ``locator``.</doc>
<msg timestamp="20230714 11:47:31.992" level="INFO">Typing text 'secret_sauce' into text field 'id=password'.</msg>
<status status="PASS" starttime="20230714 11:47:31.990" endtime="20230714 11:47:32.110"/>
</kw>
<kw name="Click Button" library="SeleniumLibrary">
<arg>${LoginBtn}</arg>
<doc>Clicks the button identified by ``locator``.</doc>
<msg timestamp="20230714 11:47:32.113" level="INFO">Clicking button 'id=login-button'.</msg>
<status status="PASS" starttime="20230714 11:47:32.111" endtime="20230714 11:47:32.178"/>
</kw>
<kw name="Wait Until Element Is Visible" library="SeleniumLibrary">
<arg>${ErrorLoginMessage}</arg>
<doc>Waits until the element ``locator`` is visible.</doc>
<status status="PASS" starttime="20230714 11:47:32.179" endtime="20230714 11:47:32.205"/>
</kw>
<kw name="Element Text Should Be" library="SeleniumLibrary">
<arg>${ErrorLoginMessage}</arg>
<arg>Epic sadface: Username and password do not match any user in this service</arg>
<doc>Verifies that element ``locator`` contains exact the text ``expected``.</doc>
<msg timestamp="20230714 11:47:32.209" level="INFO">Verifying element '//h3' contains exact text 'Epic sadface: Username and password do not match any user in this service'.</msg>
<status status="PASS" starttime="20230714 11:47:32.206" endtime="20230714 11:47:32.234"/>
</kw>
<kw name="Element Should Be Visible" library="SeleniumLibrary">
<arg>${XIconUser}</arg>
<doc>Verifies that the element identified by ``locator`` is visible.</doc>
<msg timestamp="20230714 11:47:32.260" level="INFO">Element 'css:.form_group:nth-child(1) path' is displayed.</msg>
<status status="PASS" starttime="20230714 11:47:32.236" endtime="20230714 11:47:32.261"/>
</kw>
<kw name="Element Should Be Visible" library="SeleniumLibrary">
<arg>${XIconPassword}</arg>
<doc>Verifies that the element identified by ``locator`` is visible.</doc>
<msg timestamp="20230714 11:47:32.286" level="INFO">Element 'css:.form_group:nth-child(2) path' is displayed.</msg>
<status status="PASS" starttime="20230714 11:47:32.262" endtime="20230714 11:47:32.287"/>
</kw>
<kw name="Finish TC" library="Keywords">
<kw name="Execute Javascript" library="SeleniumLibrary">
<arg>window.localStorage.clear()</arg>
<doc>Executes the given JavaScript code with possible arguments.</doc>
<msg timestamp="20230714 11:47:32.294" level="INFO">Executing JavaScript:
window.localStorage.clear()
Without any arguments.</msg>
<status status="PASS" starttime="20230714 11:47:32.292" endtime="20230714 11:47:32.301"/>
</kw>
<kw name="Close Browser" library="SeleniumLibrary">
<doc>Closes the current browser.</doc>
<status status="PASS" starttime="20230714 11:47:32.301" endtime="20230714 11:47:34.506"/>
</kw>
<status status="PASS" starttime="20230714 11:47:32.290" endtime="20230714 11:47:34.506"/>
</kw>
<status status="PASS" starttime="20230714 11:47:29.521" endtime="20230714 11:47:34.508"/>
</test>
<test id="s1-s1-s1-t3" name="1.1.3 - Valid Username and Blank Password Textbox" line="49">
<kw name="Open Saucedemo URL" library="Keywords">
<kw name="Open Browser" library="SeleniumLibrary">
<arg>${URL_SauceDemo_QA}</arg>
<arg>${Browser}</arg>
<doc>Opens a new browser instance to the optional ``url``.</doc>
<msg timestamp="20230714 11:47:34.515" level="INFO">Opening browser 'Chrome' to base url 'https://www.saucedemo.com/'.</msg>
<msg timestamp="20230714 11:47:34.527" level="INFO">Executing: C:\Users\VictorMelo\AppData\Roaming\Python\Python311\site-packages\selenium\webdriver\common\windows\selenium-manager.exe --browser chrome --output json</msg>
<status status="PASS" starttime="20230714 11:47:34.514" endtime="20230714 11:47:36.635"/>
</kw>
<kw name="Maximize Browser Window" library="SeleniumLibrary">
<doc>Maximizes current browser window.</doc>
<status status="PASS" starttime="20230714 11:47:36.635" endtime="20230714 11:47:36.756"/>
</kw>
<status status="PASS" starttime="20230714 11:47:34.513" endtime="20230714 11:47:36.756"/>
</kw>
<kw name="Wait Until Element Is Visible" library="SeleniumLibrary">
<arg>${UserNameTxt}</arg>
<doc>Waits until the element ``locator`` is visible.</doc>
<status status="PASS" starttime="20230714 11:47:36.757" endtime="20230714 11:47:36.794"/>
</kw>
<kw name="Input Text" library="SeleniumLibrary">
<arg>${UserNameTxt}</arg>
<arg>IDontExist</arg>
<doc>Types the given ``text`` into the text field identified by ``locator``.</doc>
<msg timestamp="20230714 11:47:36.798" level="INFO">Typing text 'IDontExist' into text field 'id=user-name'.</msg>
<status status="PASS" starttime="20230714 11:47:36.797" endtime="20230714 11:47:36.954"/>
</kw>
<kw name="Click Button" library="SeleniumLibrary">
<arg>${LoginBtn}</arg>
<doc>Clicks the button identified by ``locator``.</doc>
<msg timestamp="20230714 11:47:36.958" level="INFO">Clicking button 'id=login-button'.</msg>
<status status="PASS" starttime="20230714 11:47:36.955" endtime="20230714 11:47:37.029"/>
</kw>
<kw name="Wait Until Element Is Visible" library="SeleniumLibrary">
<arg>${ErrorLoginMessage}</arg>
<doc>Waits until the element ``locator`` is visible.</doc>
<status status="PASS" starttime="20230714 11:47:37.030" endtime="20230714 11:47:37.059"/>
</kw>
<kw name="Element Text Should Be" library="SeleniumLibrary">
<arg>${ErrorLoginMessage}</arg>
<arg>Epic sadface: Password is required</arg>
<doc>Verifies that element ``locator`` contains exact the text ``expected``.</doc>
<msg timestamp="20230714 11:47:37.063" level="INFO">Verifying element '//h3' contains exact text 'Epic sadface: Password is required'.</msg>
<status status="PASS" starttime="20230714 11:47:37.061" endtime="20230714 11:47:37.087"/>
</kw>
<kw name="Element Should Be Visible" library="SeleniumLibrary">
<arg>${XIconUser}</arg>
<doc>Verifies that the element identified by ``locator`` is visible.</doc>
<msg timestamp="20230714 11:47:37.111" level="INFO">Element 'css:.form_group:nth-child(1) path' is displayed.</msg>
<status status="PASS" starttime="20230714 11:47:37.088" endtime="20230714 11:47:37.112"/>
</kw>
<kw name="Element Should Be Visible" library="SeleniumLibrary">
<arg>${XIconPassword}</arg>
<doc>Verifies that the element identified by ``locator`` is visible.</doc>
<msg timestamp="20230714 11:47:37.136" level="INFO">Element 'css:.form_group:nth-child(2) path' is displayed.</msg>
<status status="PASS" starttime="20230714 11:47:37.114" endtime="20230714 11:47:37.136"/>
</kw>
<kw name="Finish TC" library="Keywords">
<kw name="Execute Javascript" library="SeleniumLibrary">
<arg>window.localStorage.clear()</arg>
<doc>Executes the given JavaScript code with possible arguments.</doc>
<msg timestamp="20230714 11:47:37.142" level="INFO">Executing JavaScript:
window.localStorage.clear()
Without any arguments.</msg>
<status status="PASS" starttime="20230714 11:47:37.139" endtime="20230714 11:47:37.150"/>
</kw>
<kw name="Close Browser" library="SeleniumLibrary">
<doc>Closes the current browser.</doc>
<status status="PASS" starttime="20230714 11:47:37.150" endtime="20230714 11:47:39.344"/>
</kw>
<status status="PASS" starttime="20230714 11:47:37.138" endtime="20230714 11:47:39.344"/>
</kw>
<status status="PASS" starttime="20230714 11:47:34.511" endtime="20230714 11:47:39.346"/>
</test>
<test id="s1-s1-s1-t4" name="1.1.4 - Valid User and Wrong Password" line="60">
<kw name="Open Saucedemo URL" library="Keywords">
<kw name="Open Browser" library="SeleniumLibrary">
<arg>${URL_SauceDemo_QA}</arg>
<arg>${Browser}</arg>
<doc>Opens a new browser instance to the optional ``url``.</doc>
<msg timestamp="20230714 11:47:39.354" level="INFO">Opening browser 'Chrome' to base url 'https://www.saucedemo.com/'.</msg>
<msg timestamp="20230714 11:47:39.367" level="INFO">Executing: C:\Users\VictorMelo\AppData\Roaming\Python\Python311\site-packages\selenium\webdriver\common\windows\selenium-manager.exe --browser chrome --output json</msg>
<status status="PASS" starttime="20230714 11:47:39.353" endtime="20230714 11:47:41.404"/>
</kw>
<kw name="Maximize Browser Window" library="SeleniumLibrary">
<doc>Maximizes current browser window.</doc>
<status status="PASS" starttime="20230714 11:47:41.404" endtime="20230714 11:47:41.537"/>
</kw>
<status status="PASS" starttime="20230714 11:47:39.352" endtime="20230714 11:47:41.537"/>
</kw>
<kw name="Wait Until Element Is Visible" library="SeleniumLibrary">
<arg>${UserNameTxt}</arg>
<doc>Waits until the element ``locator`` is visible.</doc>
<status status="PASS" starttime="20230714 11:47:41.539" endtime="20230714 11:47:41.573"/>
</kw>
<kw name="Input Text" library="SeleniumLibrary">
<arg>${UserNameTxt}</arg>
<arg>${standarduser}</arg>
<doc>Types the given ``text`` into the text field identified by ``locator``.</doc>
<msg timestamp="20230714 11:47:41.575" level="INFO">Typing text 'standard_user' into text field 'id=user-name'.</msg>
<status status="PASS" starttime="20230714 11:47:41.574" endtime="20230714 11:47:41.776"/>
</kw>
<kw name="Input Text" library="SeleniumLibrary">
<arg>${PasswordTxt}</arg>
<arg>WrongPassword</arg>
<doc>Types the given ``text`` into the text field identified by ``locator``.</doc>
<msg timestamp="20230714 11:47:41.779" level="INFO">Typing text 'WrongPassword' into text field 'id=password'.</msg>
<status status="PASS" starttime="20230714 11:47:41.777" endtime="20230714 11:47:41.905"/>
</kw>
<kw name="Click Button" library="SeleniumLibrary">
<arg>${LoginBtn}</arg>
<doc>Clicks the button identified by ``locator``.</doc>
<msg timestamp="20230714 11:47:41.908" level="INFO">Clicking button 'id=login-button'.</msg>
<status status="PASS" starttime="20230714 11:47:41.906" endtime="20230714 11:47:41.991"/>
</kw>
<kw name="Wait Until Element Is Visible" library="SeleniumLibrary">
<arg>${ErrorLoginMessage}</arg>
<doc>Waits until the element ``locator`` is visible.</doc>
<status status="PASS" starttime="20230714 11:47:41.994" endtime="20230714 11:47:42.023"/>
</kw>
<kw name="Element Text Should Be" library="SeleniumLibrary">
<arg>${ErrorLoginMessage}</arg>
<arg>Epic sadface: Username and password do not match any user in this service</arg>
<doc>Verifies that element ``locator`` contains exact the text ``expected``.</doc>
<msg timestamp="20230714 11:47:42.024" level="INFO">Verifying element '//h3' contains exact text 'Epic sadface: Username and password do not match any user in this service'.</msg>
<status status="PASS" starttime="20230714 11:47:42.023" endtime="20230714 11:47:42.052"/>
</kw>
<kw name="Element Should Be Visible" library="SeleniumLibrary">
<arg>${XIconUser}</arg>
<doc>Verifies that the element identified by ``locator`` is visible.</doc>
<msg timestamp="20230714 11:47:42.078" level="INFO">Element 'css:.form_group:nth-child(1) path' is displayed.</msg>
<status status="PASS" starttime="20230714 11:47:42.053" endtime="20230714 11:47:42.078"/>
</kw>
<kw name="Element Should Be Visible" library="SeleniumLibrary">
<arg>${XIconPassword}</arg>
<doc>Verifies that the element identified by ``locator`` is visible.</doc>
<msg timestamp="20230714 11:47:42.108" level="INFO">Element 'css:.form_group:nth-child(2) path' is displayed.</msg>
<status status="PASS" starttime="20230714 11:47:42.081" endtime="20230714 11:47:42.109"/>
</kw>
<kw name="Finish TC" library="Keywords">
<kw name="Execute Javascript" library="SeleniumLibrary">
<arg>window.localStorage.clear()</arg>
<doc>Executes the given JavaScript code with possible arguments.</doc>
<msg timestamp="20230714 11:47:42.111" level="INFO">Executing JavaScript:
window.localStorage.clear()
Without any arguments.</msg>
<status status="PASS" starttime="20230714 11:47:42.110" endtime="20230714 11:47:42.118"/>
</kw>
<kw name="Close Browser" library="SeleniumLibrary">
<doc>Closes the current browser.</doc>
<status status="PASS" starttime="20230714 11:47:42.119" endtime="20230714 11:47:44.311"/>
</kw>
<status status="PASS" starttime="20230714 11:47:42.110" endtime="20230714 11:47:44.311"/>
</kw>
<status status="PASS" starttime="20230714 11:47:39.349" endtime="20230714 11:47:44.313"/>
</test>
<test id="s1-s1-s1-t5" name="1.1.5 - Try to login with Lockedout User" line="72">
<kw name="Open Saucedemo URL" library="Keywords">
<kw name="Open Browser" library="SeleniumLibrary">
<arg>${URL_SauceDemo_QA}</arg>
<arg>${Browser}</arg>
<doc>Opens a new browser instance to the optional ``url``.</doc>
<msg timestamp="20230714 11:47:44.322" level="INFO">Opening browser 'Chrome' to base url 'https://www.saucedemo.com/'.</msg>
<msg timestamp="20230714 11:47:44.336" level="INFO">Executing: C:\Users\VictorMelo\AppData\Roaming\Python\Python311\site-packages\selenium\webdriver\common\windows\selenium-manager.exe --browser chrome --output json</msg>
<status status="PASS" starttime="20230714 11:47:44.321" endtime="20230714 11:47:46.418"/>
</kw>
<kw name="Maximize Browser Window" library="SeleniumLibrary">
<doc>Maximizes current browser window.</doc>
<status status="PASS" starttime="20230714 11:47:46.418" endtime="20230714 11:47:46.541"/>
</kw>
<status status="PASS" starttime="20230714 11:47:44.319" endtime="20230714 11:47:46.541"/>
</kw>
<kw name="Wait Until Element Is Visible" library="SeleniumLibrary">
<arg>${UserNameTxt}</arg>
<doc>Waits until the element ``locator`` is visible.</doc>
<status status="PASS" starttime="20230714 11:47:46.544" endtime="20230714 11:47:46.583"/>
</kw>
<kw name="Input Text" library="SeleniumLibrary">
<arg>${UserNameTxt}</arg>
<arg>${lockedoutuser}</arg>
<doc>Types the given ``text`` into the text field identified by ``locator``.</doc>
<msg timestamp="20230714 11:47:46.585" level="INFO">Typing text 'locked_out_user' into text field 'id=user-name'.</msg>
<status status="PASS" starttime="20230714 11:47:46.584" endtime="20230714 11:47:46.768"/>
</kw>
<kw name="Input Text" library="SeleniumLibrary">
<arg>${PasswordTxt}</arg>
<arg>${password}</arg>
<doc>Types the given ``text`` into the text field identified by ``locator``.</doc>
<msg timestamp="20230714 11:47:46.771" level="INFO">Typing text 'secret_sauce' into text field 'id=password'.</msg>
<status status="PASS" starttime="20230714 11:47:46.770" endtime="20230714 11:47:46.958"/>
</kw>
<kw name="Click Button" library="SeleniumLibrary">
<arg>${LoginBtn}</arg>
<doc>Clicks the button identified by ``locator``.</doc>
<msg timestamp="20230714 11:47:46.964" level="INFO">Clicking button 'id=login-button'.</msg>
<status status="PASS" starttime="20230714 11:47:46.961" endtime="20230714 11:47:47.098"/>
</kw>
<kw name="Wait Until Element Is Visible" library="SeleniumLibrary">
<arg>${ErrorLoginMessage}</arg>
<doc>Waits until the element ``locator`` is visible.</doc>
<status status="PASS" starttime="20230714 11:47:47.099" endtime="20230714 11:47:47.140"/>
</kw>
<kw name="Element Text Should Be" library="SeleniumLibrary">
<arg>${ErrorLoginMessage}</arg>
<arg>Epic sadface: Sorry, this user has been locked out.</arg>
<doc>Verifies that element ``locator`` contains exact the text ``expected``.</doc>
<msg timestamp="20230714 11:47:47.143" level="INFO">Verifying element '//h3' contains exact text 'Epic sadface: Sorry, this user has been locked out.'.</msg>
<status status="PASS" starttime="20230714 11:47:47.141" endtime="20230714 11:47:47.176"/>
</kw>
<kw name="Element Should Be Visible" library="SeleniumLibrary">
<arg>${XIconUser}</arg>
<doc>Verifies that the element identified by ``locator`` is visible.</doc>
<msg timestamp="20230714 11:47:47.204" level="INFO">Element 'css:.form_group:nth-child(1) path' is displayed.</msg>
<status status="PASS" starttime="20230714 11:47:47.177" endtime="20230714 11:47:47.204"/>
</kw>
<kw name="Element Should Be Visible" library="SeleniumLibrary">
<arg>${XIconPassword}</arg>
<doc>Verifies that the element identified by ``locator`` is visible.</doc>
<msg timestamp="20230714 11:47:47.233" level="INFO">Element 'css:.form_group:nth-child(2) path' is displayed.</msg>
<status status="PASS" starttime="20230714 11:47:47.205" endtime="20230714 11:47:47.236"/>
</kw>
<kw name="Finish TC" library="Keywords">
<kw name="Execute Javascript" library="SeleniumLibrary">
<arg>window.localStorage.clear()</arg>
<doc>Executes the given JavaScript code with possible arguments.</doc>
<msg timestamp="20230714 11:47:47.240" level="INFO">Executing JavaScript:
window.localStorage.clear()
Without any arguments.</msg>
<status status="PASS" starttime="20230714 11:47:47.238" endtime="20230714 11:47:47.250"/>
</kw>
<kw name="Close Browser" library="SeleniumLibrary">
<doc>Closes the current browser.</doc>
<status status="PASS" starttime="20230714 11:47:47.250" endtime="20230714 11:47:49.432"/>
</kw>
<status status="PASS" starttime="20230714 11:47:47.238" endtime="20230714 11:47:49.433"/>
</kw>
<status status="PASS" starttime="20230714 11:47:44.319" endtime="20230714 11:47:49.434"/>
</test>
<test id="s1-s1-s1-t6" name="1.1.6 - Example running Headless" line="84">
<kw name="Go in Headless" library="Keywords">
<kw name="Evaluate" library="BuiltIn">
<var>${options}</var>
<arg>sys.modules['selenium.webdriver'].ChromeOptions()</arg>
<arg>sys, selenium.webdriver</arg>
<doc>Evaluates the given expression in Python and returns the result.</doc>
<msg timestamp="20230714 11:47:49.442" level="INFO">${options} = &lt;selenium.webdriver.chrome.options.Options object at 0x000001D23AD944D0&gt;</msg>
<status status="PASS" starttime="20230714 11:47:49.442" endtime="20230714 11:47:49.443"/>
</kw>
<kw name="Call Method" library="BuiltIn">
<arg>${options}</arg>
<arg>add_argument</arg>
<arg>--headless</arg>
<doc>Calls the named method of the given object with the provided arguments.</doc>
<status status="PASS" starttime="20230714 11:47:49.444" endtime="20230714 11:47:49.445"/>
</kw>
<kw name="Create Webdriver" library="SeleniumLibrary">
<arg>Chrome</arg>
<arg>chrome_options=${options}</arg>
<doc>Creates an instance of Selenium WebDriver.</doc>
<msg timestamp="20230714 11:47:49.446" level="INFO">Creating an instance of the Chrome WebDriver.</msg>
<msg timestamp="20230714 11:47:49.463" level="INFO">Executing: C:\Users\VictorMelo\AppData\Roaming\Python\Python311\site-packages\selenium\webdriver\common\windows\selenium-manager.exe --browser chrome --output json</msg>
<status status="PASS" starttime="20230714 11:47:49.446" endtime="20230714 11:47:50.805"/>
</kw>
<kw name="Go To" library="SeleniumLibrary">
<arg>${URL_SauceDemo_QA}</arg>
<doc>Navigates the current browser window to the provided ``url``.</doc>
<msg timestamp="20230714 11:47:50.805" level="INFO">Opening url 'https://www.saucedemo.com/'</msg>
<status status="PASS" starttime="20230714 11:47:50.805" endtime="20230714 11:47:51.322"/>
</kw>
<kw name="Maximize Browser Window" library="SeleniumLibrary">
<doc>Maximizes current browser window.</doc>
<status status="PASS" starttime="20230714 11:47:51.323" endtime="20230714 11:47:51.442"/>
</kw>
<status status="PASS" starttime="20230714 11:47:49.441" endtime="20230714 11:47:51.442"/>
</kw>
<kw name="Maximize Browser Window" library="SeleniumLibrary">
<doc>Maximizes current browser window.</doc>
<status status="PASS" starttime="20230714 11:47:51.445" endtime="20230714 11:47:51.451"/>
</kw>
<kw name="Wait Until Element Is Visible" library="SeleniumLibrary">
<arg>${UserNameTxt}</arg>
<doc>Waits until the element ``locator`` is visible.</doc>
<status status="PASS" starttime="20230714 11:47:51.452" endtime="20230714 11:47:51.495"/>
</kw>
<kw name="Input Text" library="SeleniumLibrary">
<arg>${UserNameTxt}</arg>
<arg>${standarduser}</arg>
<doc>Types the given ``text`` into the text field identified by ``locator``.</doc>
<msg timestamp="20230714 11:47:51.500" level="INFO">Typing text 'standard_user' into text field 'id=user-name'.</msg>
<status status="PASS" starttime="20230714 11:47:51.497" endtime="20230714 11:47:51.646"/>
</kw>
<kw name="Input Text" library="SeleniumLibrary">
<arg>${PasswordTxt}</arg>
<arg>${password}</arg>
<doc>Types the given ``text`` into the text field identified by ``locator``.</doc>
<msg timestamp="20230714 11:47:51.647" level="INFO">Typing text 'secret_sauce' into text field 'id=password'.</msg>
<status status="PASS" starttime="20230714 11:47:51.646" endtime="20230714 11:47:51.733"/>
</kw>
<kw name="Click Button" library="SeleniumLibrary">
<arg>${LoginBtn}</arg>
<doc>Clicks the button identified by ``locator``.</doc>
<msg timestamp="20230714 11:47:51.735" level="INFO">Clicking button 'id=login-button'.</msg>
<status status="PASS" starttime="20230714 11:47:51.734" endtime="20230714 11:47:51.845"/>
</kw>
<kw name="Wait Until Element Is Visible" library="SeleniumLibrary">
<arg>${SwagLabsLbl}</arg>
<doc>Waits until the element ``locator`` is visible.</doc>
<status status="PASS" starttime="20230714 11:47:51.847" endtime="20230714 11:47:51.881"/>
</kw>
<kw name="Element Text Should Be" library="SeleniumLibrary">
<arg>${SwagLabsLbl}</arg>
<arg>Swag Labs</arg>
<doc>Verifies that element ``locator`` contains exact the text ``expected``.</doc>
<msg timestamp="20230714 11:47:51.883" level="INFO">Verifying element '//div[@id='header_container']/div/div[2]/div' contains exact text 'Swag Labs'.</msg>
<status status="PASS" starttime="20230714 11:47:51.882" endtime="20230714 11:47:51.912"/>
</kw>
<kw name="Element Text Should Be" library="SeleniumLibrary">
<arg>${ProducsSwagLabsLbl}</arg>
<arg>Products</arg>
<doc>Verifies that element ``locator`` contains exact the text ``expected``.</doc>
<msg timestamp="20230714 11:47:51.915" level="INFO">Verifying element 'css:.title' contains exact text 'Products'.</msg>
<status status="PASS" starttime="20230714 11:47:51.914" endtime="20230714 11:47:51.948"/>
</kw>
<kw name="Finish TC" library="Keywords">
<kw name="Execute Javascript" library="SeleniumLibrary">
<arg>window.localStorage.clear()</arg>
<doc>Executes the given JavaScript code with possible arguments.</doc>
<msg timestamp="20230714 11:47:51.954" level="INFO">Executing JavaScript:
window.localStorage.clear()
Without any arguments.</msg>
<status status="PASS" starttime="20230714 11:47:51.952" endtime="20230714 11:47:51.967"/>
</kw>
<kw name="Close Browser" library="SeleniumLibrary">
<doc>Closes the current browser.</doc>
<status status="PASS" starttime="20230714 11:47:51.969" endtime="20230714 11:47:54.098"/>
</kw>
<status status="PASS" starttime="20230714 11:47:51.951" endtime="20230714 11:47:54.098"/>
</kw>
<status status="PASS" starttime="20230714 11:47:49.439" endtime="20230714 11:47:54.100"/>
</test>
<test id="s1-s1-s1-t7" name="2.1.1 - Add product to Cart and finish with positive Purchase flow" line="96">
<kw name="Valid Login" library="Keywords">
<kw name="Open Saucedemo URL" library="Keywords">
<kw name="Open Browser" library="SeleniumLibrary">
<arg>${URL_SauceDemo_QA}</arg>
<arg>${Browser}</arg>
<doc>Opens a new browser instance to the optional ``url``.</doc>
<msg timestamp="20230714 11:47:54.106" level="INFO">Opening browser 'Chrome' to base url 'https://www.saucedemo.com/'.</msg>
<msg timestamp="20230714 11:47:54.117" level="INFO">Executing: C:\Users\VictorMelo\AppData\Roaming\Python\Python311\site-packages\selenium\webdriver\common\windows\selenium-manager.exe --browser chrome --output json</msg>
<status status="PASS" starttime="20230714 11:47:54.106" endtime="20230714 11:47:56.020"/>
</kw>
<kw name="Maximize Browser Window" library="SeleniumLibrary">
<doc>Maximizes current browser window.</doc>
<status status="PASS" starttime="20230714 11:47:56.021" endtime="20230714 11:47:56.144"/>
</kw>
<status status="PASS" starttime="20230714 11:47:54.105" endtime="20230714 11:47:56.145"/>
</kw>
<kw name="Wait Until Element Is Visible" library="SeleniumLibrary">
<arg>${UserNameTxt}</arg>
<doc>Waits until the element ``locator`` is visible.</doc>
<status status="PASS" starttime="20230714 11:47:56.145" endtime="20230714 11:47:56.185"/>
</kw>
<kw name="Input Text" library="SeleniumLibrary">
<arg>${UserNameTxt}</arg>
<arg>${standarduser}</arg>
<doc>Types the given ``text`` into the text field identified by ``locator``.</doc>
<msg timestamp="20230714 11:47:56.188" level="INFO">Typing text 'standard_user' into text field 'id=user-name'.</msg>
<status status="PASS" starttime="20230714 11:47:56.186" endtime="20230714 11:47:56.334"/>
</kw>
<kw name="Input Text" library="SeleniumLibrary">
<arg>${PasswordTxt}</arg>
<arg>${password}</arg>
<doc>Types the given ``text`` into the text field identified by ``locator``.</doc>
<msg timestamp="20230714 11:47:56.335" level="INFO">Typing text 'secret_sauce' into text field 'id=password'.</msg>
<status status="PASS" starttime="20230714 11:47:56.335" endtime="20230714 11:47:56.411"/>
</kw>
<kw name="Click Button" library="SeleniumLibrary">
<arg>${LoginBtn}</arg>
<doc>Clicks the button identified by ``locator``.</doc>
<msg timestamp="20230714 11:47:56.412" level="INFO">Clicking button 'id=login-button'.</msg>
<status status="PASS" starttime="20230714 11:47:56.412" endtime="20230714 11:47:56.516"/>
</kw>
<kw name="Wait Until Element Is Visible" library="SeleniumLibrary">
<arg>${SwagLabsLbl}</arg>
<doc>Waits until the element ``locator`` is visible.</doc>
<status status="PASS" starttime="20230714 11:47:56.516" endtime="20230714 11:47:56.547"/>
</kw>
<kw name="Element Text Should Be" library="SeleniumLibrary">
<arg>${SwagLabsLbl}</arg>
<arg>Swag Labs</arg>
<doc>Verifies that element ``locator`` contains exact the text ``expected``.</doc>
<msg timestamp="20230714 11:47:56.548" level="INFO">Verifying element '//div[@id='header_container']/div/div[2]/div' contains exact text 'Swag Labs'.</msg>
<status status="PASS" starttime="20230714 11:47:56.547" endtime="20230714 11:47:56.574"/>
</kw>
<status status="PASS" starttime="20230714 11:47:54.105" endtime="20230714 11:47:56.574"/>
</kw>
<kw name="Wait Until Element Is Visible" library="SeleniumLibrary">
<arg>${fristProductAddBtn}</arg>
<doc>Waits until the element ``locator`` is visible.</doc>
<status status="PASS" starttime="20230714 11:47:56.575" endtime="20230714 11:47:56.594"/>
</kw>
<kw name="Click Button" library="SeleniumLibrary">
<arg>${fristProductAddBtn}</arg>
<doc>Clicks the button identified by ``locator``.</doc>
<msg timestamp="20230714 11:47:56.595" level="INFO">Clicking button 'xpath=//div[2]/button'.</msg>
<status status="PASS" starttime="20230714 11:47:56.594" endtime="20230714 11:47:56.685"/>
</kw>
<kw name="Get Text" library="SeleniumLibrary">
<var>${cart}</var>
<arg>${cartItemLbl}</arg>
<doc>Returns the text value of the element identified by ``locator``.</doc>
<msg timestamp="20230714 11:47:56.713" level="INFO">${cart} = 1</msg>
<status status="PASS" starttime="20230714 11:47:56.686" endtime="20230714 11:47:56.714"/>
</kw>
<if>
<branch type="IF" condition="&quot;${cart}&quot; != &quot;1&quot;">
<kw name="Run Keyword And Expect Error" library="BuiltIn">
<arg>FAIL</arg>
<arg>Text should be equal "1" but was "${cart}"</arg>
<doc>Runs the keyword and checks that the expected error occurred.</doc>
<status status="NOT RUN" starttime="20230714 11:47:56.715" endtime="20230714 11:47:56.715"/>
</kw>
<status status="NOT RUN" starttime="20230714 11:47:56.715" endtime="20230714 11:47:56.716"/>
</branch>
<status status="PASS" starttime="20230714 11:47:56.714" endtime="20230714 11:47:56.716"/>
</if>
<kw name="Get Text" library="SeleniumLibrary">
<var>${ProductName}</var>
<arg>${ProductNameLbl}</arg>
<doc>Returns the text value of the element identified by ``locator``.</doc>
<msg timestamp="20230714 11:47:56.749" level="INFO">${ProductName} = Sauce Labs Backpack</msg>
<status status="PASS" starttime="20230714 11:47:56.717" endtime="20230714 11:47:56.749"/>
</kw>
<kw name="Click Element" library="SeleniumLibrary">
<arg>${cartBtn}</arg>
<doc>Click the element identified by ``locator``.</doc>
<msg timestamp="20230714 11:47:56.751" level="INFO">Clicking element '//div[3]/a'.</msg>
<status status="PASS" starttime="20230714 11:47:56.751" endtime="20230714 11:47:56.804"/>
</kw>
<kw name="Element Text Should Be" library="SeleniumLibrary">
<arg>${YourCartLbl}</arg>
<arg>Your Cart</arg>
<doc>Verifies that element ``locator`` contains exact the text ``expected``.</doc>
<msg timestamp="20230714 11:47:56.808" level="INFO">Verifying element '//div[@id='header_container']/div[2]/span' contains exact text 'Your Cart'.</msg>
<status status="PASS" starttime="20230714 11:47:56.804" endtime="20230714 11:47:56.829"/>
</kw>
<kw name="Click Element" library="SeleniumLibrary">
<arg>${CheckoutBtn}</arg>
<doc>Click the element identified by ``locator``.</doc>
<msg timestamp="20230714 11:47:56.830" level="INFO">Clicking element 'id=checkout'.</msg>
<status status="PASS" starttime="20230714 11:47:56.829" endtime="20230714 11:47:56.874"/>
</kw>
<kw name="Wait Until Element Is Visible" library="SeleniumLibrary">
<arg>${CheckoutYourInfoLbl}</arg>
<doc>Waits until the element ``locator`` is visible.</doc>
<status status="PASS" starttime="20230714 11:47:56.878" endtime="20230714 11:47:56.903"/>
</kw>
<kw name="Element Text Should Be" library="SeleniumLibrary">
<arg>${CheckoutYourInfoLbl}</arg>
<arg>Checkout: Your Information</arg>
<doc>Verifies that element ``locator`` contains exact the text ``expected``.</doc>
<msg timestamp="20230714 11:47:56.905" level="INFO">Verifying element 'css:.title' contains exact text 'Checkout: Your Information'.</msg>
<status status="PASS" starttime="20230714 11:47:56.904" endtime="20230714 11:47:56.924"/>
</kw>
<kw name="Input Text" library="SeleniumLibrary">
<arg>${FirstNameTxt}</arg>
<arg>Username</arg>
<doc>Types the given ``text`` into the text field identified by ``locator``.</doc>
<msg timestamp="20230714 11:47:56.926" level="INFO">Typing text 'Username' into text field 'id=first-name'.</msg>
<status status="PASS" starttime="20230714 11:47:56.925" endtime="20230714 11:47:57.031"/>
</kw>
<kw name="Input Text" library="SeleniumLibrary">
<arg>${LastNametxt}</arg>
<arg>UserSurname</arg>
<doc>Types the given ``text`` into the text field identified by ``locator``.</doc>
<msg timestamp="20230714 11:47:57.035" level="INFO">Typing text 'UserSurname' into text field 'id=last-name'.</msg>
<status status="PASS" starttime="20230714 11:47:57.031" endtime="20230714 11:47:57.146"/>
</kw>
<kw name="Input Text" library="SeleniumLibrary">
<arg>${ZipPCTxt}</arg>
<arg>123456</arg>
<doc>Types the given ``text`` into the text field identified by ``locator``.</doc>
<msg timestamp="20230714 11:47:57.149" level="INFO">Typing text '123456' into text field 'id=postal-code'.</msg>
<status status="PASS" starttime="20230714 11:47:57.147" endtime="20230714 11:47:57.239"/>
</kw>
<kw name="Click Element" library="SeleniumLibrary">
<arg>${ContinueBtn}</arg>
<doc>Click the element identified by ``locator``.</doc>
<msg timestamp="20230714 11:47:57.242" level="INFO">Clicking element 'id=continue'.</msg>
<status status="PASS" starttime="20230714 11:47:57.241" endtime="20230714 11:47:57.356"/>
</kw>
<kw name="Wait Until Element Is Visible" library="SeleniumLibrary">
<arg>${CheckoutYourInfoLbl}</arg>
<doc>Waits until the element ``locator`` is visible.</doc>
<status status="PASS" starttime="20230714 11:47:57.357" endtime="20230714 11:47:57.393"/>
</kw>
<kw name="Get Text" library="SeleniumLibrary">
<var>${ProductCheckoutName}</var>
<arg>${ProductNameCheckout}</arg>
<doc>Returns the text value of the element identified by ``locator``.</doc>
<msg timestamp="20230714 11:47:57.421" level="INFO">${ProductCheckoutName} = Sauce Labs Backpack</msg>
<status status="PASS" starttime="20230714 11:47:57.394" endtime="20230714 11:47:57.421"/>
</kw>
<if>
<branch type="IF" condition="&quot;${ProductName}&quot; != &quot;${ProductCheckoutName}&quot;">
<kw name="Run Keyword And Expect Error" library="BuiltIn">
<arg>FAIL</arg>
<arg>Text should be equal "${ProductName}" but was "${ProductCheckoutName}"</arg>
<doc>Runs the keyword and checks that the expected error occurred.</doc>
<status status="NOT RUN" starttime="20230714 11:47:57.425" endtime="20230714 11:47:57.425"/>
</kw>
<status status="NOT RUN" starttime="20230714 11:47:57.423" endtime="20230714 11:47:57.425"/>
</branch>
<status status="PASS" starttime="20230714 11:47:57.423" endtime="20230714 11:47:57.426"/>
</if>
<kw name="Click Element" library="SeleniumLibrary">
<arg>${FinishCheckoutBtn}</arg>
<doc>Click the element identified by ``locator``.</doc>
<msg timestamp="20230714 11:47:57.427" level="INFO">Clicking element 'id=finish'.</msg>
<status status="PASS" starttime="20230714 11:47:57.426" endtime="20230714 11:47:57.504"/>
</kw>
<kw name="Validate Checkout Successfully" library="Keywords">
<kw name="Wait Until Element Is Visible" library="SeleniumLibrary">
<arg>${PageTitleCompleteLbl}</arg>
<doc>Waits until the element ``locator`` is visible.</doc>
<status status="PASS" starttime="20230714 11:47:57.507" endtime="20230714 11:47:57.531"/>
</kw>
<kw name="Element Text Should Be" library="SeleniumLibrary">
<arg>${PageTitleCompleteLbl}</arg>
<arg>Checkout: Complete!</arg>
<doc>Verifies that element ``locator`` contains exact the text ``expected``.</doc>
<msg timestamp="20230714 11:47:57.534" level="INFO">Verifying element 'css:.title' contains exact text 'Checkout: Complete!'.</msg>
<status status="PASS" starttime="20230714 11:47:57.532" endtime="20230714 11:47:57.558"/>
</kw>
<kw name="Element Text Should Be" library="SeleniumLibrary">
<arg>${MainMessageLbl}</arg>
<arg>Thank you for your order!</arg>
<doc>Verifies that element ``locator`` contains exact the text ``expected``.</doc>
<msg timestamp="20230714 11:47:57.560" level="INFO">Verifying element '//h2' contains exact text 'Thank you for your order!'.</msg>
<status status="PASS" starttime="20230714 11:47:57.558" endtime="20230714 11:47:57.584"/>
</kw>
<kw name="Element Text Should Be" library="SeleniumLibrary">
<arg>${CompleteMessageLbl}</arg>
<arg>Your order has been dispatched, and will arrive just as fast as the pony can get there!</arg>
<doc>Verifies that element ``locator`` contains exact the text ``expected``.</doc>
<msg timestamp="20230714 11:47:57.585" level="INFO">Verifying element 'css:.complete-text' contains exact text 'Your order has been dispatched, and will arrive just as fast as the pony can get there!'.</msg>
<status status="PASS" starttime="20230714 11:47:57.584" endtime="20230714 11:47:57.614"/>
</kw>
<status status="PASS" starttime="20230714 11:47:57.505" endtime="20230714 11:47:57.614"/>
</kw>
<kw name="Finish TC" library="Keywords">
<kw name="Execute Javascript" library="SeleniumLibrary">
<arg>window.localStorage.clear()</arg>
<doc>Executes the given JavaScript code with possible arguments.</doc>
<msg timestamp="20230714 11:47:57.619" level="INFO">Executing JavaScript:
window.localStorage.clear()
Without any arguments.</msg>
<status status="PASS" starttime="20230714 11:47:57.618" endtime="20230714 11:47:57.637"/>
</kw>
<kw name="Close Browser" library="SeleniumLibrary">
<doc>Closes the current browser.</doc>
<status status="PASS" starttime="20230714 11:47:57.638" endtime="20230714 11:47:59.828"/>
</kw>
<status status="PASS" starttime="20230714 11:47:57.617" endtime="20230714 11:47:59.828"/>
</kw>
<status status="PASS" starttime="20230714 11:47:54.103" endtime="20230714 11:47:59.829"/>
</test>
<doc>Executable file for UI Regression Testing</doc>
<status status="PASS" starttime="20230714 11:47:24.306" endtime="20230714 11:47:59.833"/>
</suite>
<status status="PASS" starttime="20230714 11:47:24.298" endtime="20230714 11:47:59.839"/>
</suite>
<status status="PASS" starttime="20230714 11:47:24.265" endtime="20230714 11:47:59.843"/>
</suite>
<statistics>
<total>
<stat pass="7" fail="0" skip="0">All Tests</stat>
</total>
<tag>
</tag>
<suite>
<stat pass="7" fail="0" skip="0" id="s1" name="AutTestDemo">AutTestDemo</stat>
<stat pass="7" fail="0" skip="0" id="s1-s1" name="Tests">AutTestDemo.Tests</stat>
<stat pass="7" fail="0" skip="0" id="s1-s1-s1" name="UI Tests">AutTestDemo.Tests.UI Tests</stat>
</suite>
</statistics>
<errors>
</errors>
</robot>
