<?xml version="1.0" encoding="UTF-8"?>
<robot generator="Robot 6.0.2 (Python 3.11.3 on win32)" generated="20231116 10:27:36.315" rpa="false" schemaversion="3">
<suite id="s1" name="AutomatedTestsRobotExample" source="C:\Users\VictorMelo\asd\AutomatedTestsRobotExample">
<suite id="s1-s1" name="Tests" source="C:\Users\VictorMelo\asd\AutomatedTestsRobotExample\tests">
<suite id="s1-s1-s1" name="UI Tests" source="C:\Users\VictorMelo\asd\AutomatedTestsRobotExample\tests\UI_Tests.robot">
<test id="s1-s1-s1-t1" name="1.1.1 - Valid Login" line="24">
<kw name="Open Saucedemo URL" library="Keywords">
<kw name="Open Browser" library="SeleniumLibrary">
<arg>${URL_SauceDemo_QA}</arg>
<arg>${Browser}</arg>
<doc>Opens a new browser instance to the optional ``url``.</doc>
<msg timestamp="20231116 10:27:36.850" level="INFO">Opening browser 'Firefox' to base url 'https://www.saucedemo.com/'.</msg>
<msg timestamp="20231116 10:27:36.866" level="INFO">Executing: C:\Users\VictorMelo\AppData\Roaming\Python\Python311\site-packages\selenium\webdriver\common\windows\selenium-manager.exe --browser firefox --output json</msg>
<status status="PASS" starttime="20231116 10:27:36.849" endtime="20231116 10:27:43.740"/>
</kw>
<kw name="Maximize Browser Window" library="SeleniumLibrary">
<doc>Maximizes current browser window.</doc>
<status status="PASS" starttime="20231116 10:27:43.741" endtime="20231116 10:27:44.027"/>
</kw>
<status status="PASS" starttime="20231116 10:27:36.847" endtime="20231116 10:27:44.028"/>
</kw>
<kw name="Wait Until Element Is Visible" library="SeleniumLibrary">
<arg>${UserNameTxt}</arg>
<doc>Waits until the element ``locator`` is visible.</doc>
<status status="PASS" starttime="20231116 10:27:44.029" endtime="20231116 10:27:44.083"/>
</kw>
<kw name="Input Text" library="SeleniumLibrary">
<arg>${UserNameTxt}</arg>
<arg>${standarduser}</arg>
<doc>Types the given ``text`` into the text field identified by ``locator``.</doc>
<msg timestamp="20231116 10:27:44.085" level="INFO">Typing text 'standard_user' into text field 'id=user-name'.</msg>
<status status="PASS" starttime="20231116 10:27:44.083" endtime="20231116 10:27:44.222"/>
</kw>
<kw name="Input Text" library="SeleniumLibrary">
<arg>${PasswordTxt}</arg>
<arg>${password}</arg>
<doc>Types the given ``text`` into the text field identified by ``locator``.</doc>
<msg timestamp="20231116 10:27:44.226" level="INFO">Typing text 'secret_sauce' into text field 'id=password'.</msg>
<status status="PASS" starttime="20231116 10:27:44.223" endtime="20231116 10:27:44.256"/>
</kw>
<kw name="Click Button" library="SeleniumLibrary">
<arg>${LoginBtn}</arg>
<doc>Clicks the button identified by ``locator``.</doc>
<msg timestamp="20231116 10:27:44.259" level="INFO">Clicking button 'id=login-button'.</msg>
<status status="PASS" starttime="20231116 10:27:44.258" endtime="20231116 10:27:44.550"/>
</kw>
<kw name="Wait Until Element Is Visible" library="SeleniumLibrary">
<arg>${SwagLabsLbl}</arg>
<doc>Waits until the element ``locator`` is visible.</doc>
<status status="PASS" starttime="20231116 10:27:44.551" endtime="20231116 10:27:44.568"/>
</kw>
<kw name="Element Text Should Be" library="SeleniumLibrary">
<arg>${SwagLabsLbl}</arg>
<arg>Swag Labs</arg>
<doc>Verifies that element ``locator`` contains exact the text ``expected``.</doc>
<msg timestamp="20231116 10:27:44.569" level="INFO">Verifying element '//div[@id='header_container']/div/div[2]/div' contains exact text 'Swag Labs'.</msg>
<status status="PASS" starttime="20231116 10:27:44.568" endtime="20231116 10:27:44.595"/>
</kw>
<kw name="Element Text Should Be" library="SeleniumLibrary">
<arg>${ProducsSwagLabsLbl}</arg>
<arg>Products</arg>
<doc>Verifies that element ``locator`` contains exact the text ``expected``.</doc>
<msg timestamp="20231116 10:27:44.597" level="INFO">Verifying element 'css:.title' contains exact text 'Products'.</msg>
<status status="PASS" starttime="20231116 10:27:44.596" endtime="20231116 10:27:44.604"/>
</kw>
<kw name="Finish TC" library="Keywords">
<kw name="Execute Javascript" library="SeleniumLibrary">
<arg>window.localStorage.clear()</arg>
<doc>Executes the given JavaScript code with possible arguments.</doc>
<msg timestamp="20231116 10:27:44.608" level="INFO">Executing JavaScript:
window.localStorage.clear()
Without any arguments.</msg>
<status status="PASS" starttime="20231116 10:27:44.606" endtime="20231116 10:27:44.619"/>
</kw>
<kw name="Close Browser" library="SeleniumLibrary">
<doc>Closes the current browser.</doc>
<status status="PASS" starttime="20231116 10:27:44.619" endtime="20231116 10:27:47.734"/>
</kw>
<status status="PASS" starttime="20231116 10:27:44.605" endtime="20231116 10:27:47.734"/>
</kw>
<status status="PASS" starttime="20231116 10:27:36.844" endtime="20231116 10:27:47.735"/>
</test>
<test id="s1-s1-s1-t2" name="1.1.2 - Nonexistent Username" line="35">
<kw name="Open Saucedemo URL" library="Keywords">
<kw name="Open Browser" library="SeleniumLibrary">
<arg>${URL_SauceDemo_QA}</arg>
<arg>${Browser}</arg>
<doc>Opens a new browser instance to the optional ``url``.</doc>
<msg timestamp="20231116 10:27:47.744" level="INFO">Opening browser 'Firefox' to base url 'https://www.saucedemo.com/'.</msg>
<msg timestamp="20231116 10:27:47.760" level="INFO">Executing: C:\Users\VictorMelo\AppData\Roaming\Python\Python311\site-packages\selenium\webdriver\common\windows\selenium-manager.exe --browser firefox --output json</msg>
<status status="PASS" starttime="20231116 10:27:47.742" endtime="20231116 10:27:54.339"/>
</kw>
<kw name="Maximize Browser Window" library="SeleniumLibrary">
<doc>Maximizes current browser window.</doc>
<status status="PASS" starttime="20231116 10:27:54.339" endtime="20231116 10:27:54.694"/>
</kw>
<status status="PASS" starttime="20231116 10:27:47.741" endtime="20231116 10:27:54.695"/>
</kw>
<kw name="Wait Until Element Is Visible" library="SeleniumLibrary">
<arg>${UserNameTxt}</arg>
<doc>Waits until the element ``locator`` is visible.</doc>
<status status="PASS" starttime="20231116 10:27:54.698" endtime="20231116 10:27:54.809"/>
</kw>
<kw name="Input Text" library="SeleniumLibrary">
<arg>${UserNameTxt}</arg>
<arg>IDontExist</arg>
<doc>Types the given ``text`` into the text field identified by ``locator``.</doc>
<msg timestamp="20231116 10:27:54.827" level="INFO">Typing text 'IDontExist' into text field 'id=user-name'.</msg>
<status status="PASS" starttime="20231116 10:27:54.825" endtime="20231116 10:27:54.962"/>
</kw>
<kw name="Input Text" library="SeleniumLibrary">
<arg>${PasswordTxt}</arg>
<arg>${password}</arg>
<doc>Types the given ``text`` into the text field identified by ``locator``.</doc>
<msg timestamp="20231116 10:27:54.964" level="INFO">Typing text 'secret_sauce' into text field 'id=password'.</msg>
<status status="PASS" starttime="20231116 10:27:54.963" endtime="20231116 10:27:55.023"/>
</kw>
<kw name="Click Button" library="SeleniumLibrary">
<arg>${LoginBtn}</arg>
<doc>Clicks the button identified by ``locator``.</doc>
<msg timestamp="20231116 10:27:55.025" level="INFO">Clicking button 'id=login-button'.</msg>
<status status="PASS" starttime="20231116 10:27:55.024" endtime="20231116 10:27:55.269"/>
</kw>
<kw name="Wait Until Element Is Visible" library="SeleniumLibrary">
<arg>${ErrorLoginMessage}</arg>
<doc>Waits until the element ``locator`` is visible.</doc>
<status status="PASS" starttime="20231116 10:27:55.271" endtime="20231116 10:27:55.291"/>
</kw>
<kw name="Element Text Should Be" library="SeleniumLibrary">
<arg>${ErrorLoginMessage}</arg>
<arg>Epic sadface: Username and password do not match any user in this service</arg>
<doc>Verifies that element ``locator`` contains exact the text ``expected``.</doc>
<msg timestamp="20231116 10:27:55.292" level="INFO">Verifying element '//h3' contains exact text 'Epic sadface: Username and password do not match any user in this service'.</msg>
<status status="PASS" starttime="20231116 10:27:55.291" endtime="20231116 10:27:55.327"/>
</kw>
<kw name="Element Should Be Visible" library="SeleniumLibrary">
<arg>${XIconUser}</arg>
<doc>Verifies that the element identified by ``locator`` is visible.</doc>
<msg timestamp="20231116 10:27:55.345" level="INFO">Element 'css:.form_group:nth-child(1) path' is displayed.</msg>
<status status="PASS" starttime="20231116 10:27:55.328" endtime="20231116 10:27:55.346"/>
</kw>
<kw name="Element Should Be Visible" library="SeleniumLibrary">
<arg>${XIconPassword}</arg>
<doc>Verifies that the element identified by ``locator`` is visible.</doc>
<msg timestamp="20231116 10:27:55.369" level="INFO">Element 'css:.form_group:nth-child(2) path' is displayed.</msg>
<status status="PASS" starttime="20231116 10:27:55.349" endtime="20231116 10:27:55.372"/>
</kw>
<kw name="Finish TC" library="Keywords">
<kw name="Execute Javascript" library="SeleniumLibrary">
<arg>window.localStorage.clear()</arg>
<doc>Executes the given JavaScript code with possible arguments.</doc>
<msg timestamp="20231116 10:27:55.375" level="INFO">Executing JavaScript:
window.localStorage.clear()
Without any arguments.</msg>
<status status="PASS" starttime="20231116 10:27:55.374" endtime="20231116 10:27:55.380"/>
</kw>
<kw name="Close Browser" library="SeleniumLibrary">
<doc>Closes the current browser.</doc>
<status status="PASS" starttime="20231116 10:27:55.380" endtime="20231116 10:27:58.402"/>
</kw>
<status status="PASS" starttime="20231116 10:27:55.373" endtime="20231116 10:27:58.402"/>
</kw>
<status status="PASS" starttime="20231116 10:27:47.738" endtime="20231116 10:27:58.403"/>
</test>
<test id="s1-s1-s1-t3" name="1.1.3 - Valid Username and Blank Password Textbox" line="47">
<kw name="Open Saucedemo URL" library="Keywords">
<kw name="Open Browser" library="SeleniumLibrary">
<arg>${URL_SauceDemo_QA}</arg>
<arg>${Browser}</arg>
<doc>Opens a new browser instance to the optional ``url``.</doc>
<msg timestamp="20231116 10:27:58.408" level="INFO">Opening browser 'Firefox' to base url 'https://www.saucedemo.com/'.</msg>
<msg timestamp="20231116 10:27:58.428" level="INFO">Executing: C:\Users\VictorMelo\AppData\Roaming\Python\Python311\site-packages\selenium\webdriver\common\windows\selenium-manager.exe --browser firefox --output json</msg>
<status status="PASS" starttime="20231116 10:27:58.408" endtime="20231116 10:28:05.744"/>
</kw>
<kw name="Maximize Browser Window" library="SeleniumLibrary">
<doc>Maximizes current browser window.</doc>
<status status="PASS" starttime="20231116 10:28:05.745" endtime="20231116 10:28:06.022"/>
</kw>
<status status="PASS" starttime="20231116 10:27:58.407" endtime="20231116 10:28:06.022"/>
</kw>
<kw name="Wait Until Element Is Visible" library="SeleniumLibrary">
<arg>${UserNameTxt}</arg>
<doc>Waits until the element ``locator`` is visible.</doc>
<status status="PASS" starttime="20231116 10:28:06.024" endtime="20231116 10:28:06.057"/>
</kw>
<kw name="Input Text" library="SeleniumLibrary">
<arg>${UserNameTxt}</arg>
<arg>IDontExist</arg>
<doc>Types the given ``text`` into the text field identified by ``locator``.</doc>
<msg timestamp="20231116 10:28:06.060" level="INFO">Typing text 'IDontExist' into text field 'id=user-name'.</msg>
<status status="PASS" starttime="20231116 10:28:06.058" endtime="20231116 10:28:06.152"/>
</kw>
<kw name="Click Button" library="SeleniumLibrary">
<arg>${LoginBtn}</arg>
<doc>Clicks the button identified by ``locator``.</doc>
<msg timestamp="20231116 10:28:06.154" level="INFO">Clicking button 'id=login-button'.</msg>
<status status="PASS" starttime="20231116 10:28:06.153" endtime="20231116 10:28:06.384"/>
</kw>
<kw name="Wait Until Element Is Visible" library="SeleniumLibrary">
<arg>${ErrorLoginMessage}</arg>
<doc>Waits until the element ``locator`` is visible.</doc>
<status status="PASS" starttime="20231116 10:28:06.385" endtime="20231116 10:28:06.400"/>
</kw>
<kw name="Element Text Should Be" library="SeleniumLibrary">
<arg>${ErrorLoginMessage}</arg>
<arg>Epic sadface: Password is required</arg>
<doc>Verifies that element ``locator`` contains exact the text ``expected``.</doc>
<msg timestamp="20231116 10:28:06.402" level="INFO">Verifying element '//h3' contains exact text 'Epic sadface: Password is required'.</msg>
<status status="PASS" starttime="20231116 10:28:06.401" endtime="20231116 10:28:06.429"/>
</kw>
<kw name="Element Should Be Visible" library="SeleniumLibrary">
<arg>${XIconUser}</arg>
<doc>Verifies that the element identified by ``locator`` is visible.</doc>
<msg timestamp="20231116 10:28:06.456" level="INFO">Element 'css:.form_group:nth-child(1) path' is displayed.</msg>
<status status="PASS" starttime="20231116 10:28:06.431" endtime="20231116 10:28:06.458"/>
</kw>
<kw name="Element Should Be Visible" library="SeleniumLibrary">
<arg>${XIconPassword}</arg>
<doc>Verifies that the element identified by ``locator`` is visible.</doc>
<msg timestamp="20231116 10:28:06.478" level="INFO">Element 'css:.form_group:nth-child(2) path' is displayed.</msg>
<status status="PASS" starttime="20231116 10:28:06.459" endtime="20231116 10:28:06.479"/>
</kw>
<kw name="Finish TC" library="Keywords">
<kw name="Execute Javascript" library="SeleniumLibrary">
<arg>window.localStorage.clear()</arg>
<doc>Executes the given JavaScript code with possible arguments.</doc>
<msg timestamp="20231116 10:28:06.482" level="INFO">Executing JavaScript:
window.localStorage.clear()
Without any arguments.</msg>
<status status="PASS" starttime="20231116 10:28:06.480" endtime="20231116 10:28:06.487"/>
</kw>
<kw name="Close Browser" library="SeleniumLibrary">
<doc>Closes the current browser.</doc>
<status status="PASS" starttime="20231116 10:28:06.488" endtime="20231116 10:28:09.480"/>
</kw>
<status status="PASS" starttime="20231116 10:28:06.479" endtime="20231116 10:28:09.480"/>
</kw>
<status status="PASS" starttime="20231116 10:27:58.406" endtime="20231116 10:28:09.481"/>
</test>
<test id="s1-s1-s1-t4" name="1.1.4 - Valid User and Wrong Password" line="58">
<kw name="Open Saucedemo URL" library="Keywords">
<kw name="Open Browser" library="SeleniumLibrary">
<arg>${URL_SauceDemo_QA}</arg>
<arg>${Browser}</arg>
<doc>Opens a new browser instance to the optional ``url``.</doc>
<msg timestamp="20231116 10:28:09.487" level="INFO">Opening browser 'Firefox' to base url 'https://www.saucedemo.com/'.</msg>
<msg timestamp="20231116 10:28:09.511" level="INFO">Executing: C:\Users\VictorMelo\AppData\Roaming\Python\Python311\site-packages\selenium\webdriver\common\windows\selenium-manager.exe --browser firefox --output json</msg>
<status status="PASS" starttime="20231116 10:28:09.486" endtime="20231116 10:28:16.258"/>
</kw>
<kw name="Maximize Browser Window" library="SeleniumLibrary">
<doc>Maximizes current browser window.</doc>
<status status="PASS" starttime="20231116 10:28:16.258" endtime="20231116 10:28:16.547"/>
</kw>
<status status="PASS" starttime="20231116 10:28:09.485" endtime="20231116 10:28:16.548"/>
</kw>
<kw name="Wait Until Element Is Visible" library="SeleniumLibrary">
<arg>${UserNameTxt}</arg>
<doc>Waits until the element ``locator`` is visible.</doc>
<status status="PASS" starttime="20231116 10:28:16.551" endtime="20231116 10:28:16.599"/>
</kw>
<kw name="Input Text" library="SeleniumLibrary">
<arg>${UserNameTxt}</arg>
<arg>${standarduser}</arg>
<doc>Types the given ``text`` into the text field identified by ``locator``.</doc>
<msg timestamp="20231116 10:28:16.603" level="INFO">Typing text 'standard_user' into text field 'id=user-name'.</msg>
<status status="PASS" starttime="20231116 10:28:16.601" endtime="20231116 10:28:16.726"/>
</kw>
<kw name="Input Text" library="SeleniumLibrary">
<arg>${PasswordTxt}</arg>
<arg>WrongPassword</arg>
<doc>Types the given ``text`` into the text field identified by ``locator``.</doc>
<msg timestamp="20231116 10:28:16.730" level="INFO">Typing text 'WrongPassword' into text field 'id=password'.</msg>
<status status="PASS" starttime="20231116 10:28:16.729" endtime="20231116 10:28:16.759"/>
</kw>
<kw name="Click Button" library="SeleniumLibrary">
<arg>${LoginBtn}</arg>
<doc>Clicks the button identified by ``locator``.</doc>
<msg timestamp="20231116 10:28:16.760" level="INFO">Clicking button 'id=login-button'.</msg>
<status status="PASS" starttime="20231116 10:28:16.760" endtime="20231116 10:28:17.001"/>
</kw>
<kw name="Wait Until Element Is Visible" library="SeleniumLibrary">
<arg>${ErrorLoginMessage}</arg>
<doc>Waits until the element ``locator`` is visible.</doc>
<status status="PASS" starttime="20231116 10:28:17.002" endtime="20231116 10:28:17.018"/>
</kw>
<kw name="Element Text Should Be" library="SeleniumLibrary">
<arg>${ErrorLoginMessage}</arg>
<arg>Epic sadface: Username and password do not match any user in this service</arg>
<doc>Verifies that element ``locator`` contains exact the text ``expected``.</doc>
<msg timestamp="20231116 10:28:17.020" level="INFO">Verifying element '//h3' contains exact text 'Epic sadface: Username and password do not match any user in this service'.</msg>
<status status="PASS" starttime="20231116 10:28:17.019" endtime="20231116 10:28:17.057"/>
</kw>
<kw name="Element Should Be Visible" library="SeleniumLibrary">
<arg>${XIconUser}</arg>
<doc>Verifies that the element identified by ``locator`` is visible.</doc>
<msg timestamp="20231116 10:28:17.076" level="INFO">Element 'css:.form_group:nth-child(1) path' is displayed.</msg>
<status status="PASS" starttime="20231116 10:28:17.058" endtime="20231116 10:28:17.077"/>
</kw>
<kw name="Element Should Be Visible" library="SeleniumLibrary">
<arg>${XIconPassword}</arg>
<doc>Verifies that the element identified by ``locator`` is visible.</doc>
<msg timestamp="20231116 10:28:17.092" level="INFO">Element 'css:.form_group:nth-child(2) path' is displayed.</msg>
<status status="PASS" starttime="20231116 10:28:17.077" endtime="20231116 10:28:17.093"/>
</kw>
<kw name="Finish TC" library="Keywords">
<kw name="Execute Javascript" library="SeleniumLibrary">
<arg>window.localStorage.clear()</arg>
<doc>Executes the given JavaScript code with possible arguments.</doc>
<msg timestamp="20231116 10:28:17.094" level="INFO">Executing JavaScript:
window.localStorage.clear()
Without any arguments.</msg>
<status status="PASS" starttime="20231116 10:28:17.094" endtime="20231116 10:28:17.099"/>
</kw>
<kw name="Close Browser" library="SeleniumLibrary">
<doc>Closes the current browser.</doc>
<status status="PASS" starttime="20231116 10:28:17.100" endtime="20231116 10:28:20.096"/>
</kw>
<status status="PASS" starttime="20231116 10:28:17.093" endtime="20231116 10:28:20.097"/>
</kw>
<status status="PASS" starttime="20231116 10:28:09.484" endtime="20231116 10:28:20.097"/>
</test>
<test id="s1-s1-s1-t5" name="1.1.5 - Try to login with Lockedout User" line="70">
<kw name="Open Saucedemo URL" library="Keywords">
<kw name="Open Browser" library="SeleniumLibrary">
<arg>${URL_SauceDemo_QA}</arg>
<arg>${Browser}</arg>
<doc>Opens a new browser instance to the optional ``url``.</doc>
<msg timestamp="20231116 10:28:20.104" level="INFO">Opening browser 'Firefox' to base url 'https://www.saucedemo.com/'.</msg>
<msg timestamp="20231116 10:28:20.125" level="INFO">Executing: C:\Users\VictorMelo\AppData\Roaming\Python\Python311\site-packages\selenium\webdriver\common\windows\selenium-manager.exe --browser firefox --output json</msg>
<status status="PASS" starttime="20231116 10:28:20.102" endtime="20231116 10:28:26.819"/>
</kw>
<kw name="Maximize Browser Window" library="SeleniumLibrary">
<doc>Maximizes current browser window.</doc>
<status status="PASS" starttime="20231116 10:28:26.819" endtime="20231116 10:28:27.105"/>
</kw>
<status status="PASS" starttime="20231116 10:28:20.101" endtime="20231116 10:28:27.106"/>
</kw>
<kw name="Wait Until Element Is Visible" library="SeleniumLibrary">
<arg>${UserNameTxt}</arg>
<doc>Waits until the element ``locator`` is visible.</doc>
<status status="PASS" starttime="20231116 10:28:27.109" endtime="20231116 10:28:27.161"/>
</kw>
<kw name="Input Text" library="SeleniumLibrary">
<arg>${UserNameTxt}</arg>
<arg>${lockedoutuser}</arg>
<doc>Types the given ``text`` into the text field identified by ``locator``.</doc>
<msg timestamp="20231116 10:28:27.164" level="INFO">Typing text 'locked_out_user' into text field 'id=user-name'.</msg>
<status status="PASS" starttime="20231116 10:28:27.162" endtime="20231116 10:28:27.276"/>
</kw>
<kw name="Input Text" library="SeleniumLibrary">
<arg>${PasswordTxt}</arg>
<arg>${password}</arg>
<doc>Types the given ``text`` into the text field identified by ``locator``.</doc>
<msg timestamp="20231116 10:28:27.278" level="INFO">Typing text 'secret_sauce' into text field 'id=password'.</msg>
<status status="PASS" starttime="20231116 10:28:27.277" endtime="20231116 10:28:27.308"/>
</kw>
<kw name="Click Button" library="SeleniumLibrary">
<arg>${LoginBtn}</arg>
<doc>Clicks the button identified by ``locator``.</doc>
<msg timestamp="20231116 10:28:27.309" level="INFO">Clicking button 'id=login-button'.</msg>
<status status="PASS" starttime="20231116 10:28:27.308" endtime="20231116 10:28:27.552"/>
</kw>
<kw name="Wait Until Element Is Visible" library="SeleniumLibrary">
<arg>${ErrorLoginMessage}</arg>
<doc>Waits until the element ``locator`` is visible.</doc>
<status status="PASS" starttime="20231116 10:28:27.552" endtime="20231116 10:28:27.573"/>
</kw>
<kw name="Element Text Should Be" library="SeleniumLibrary">
<arg>${ErrorLoginMessage}</arg>
<arg>Epic sadface: Sorry, this user has been locked out.</arg>
<doc>Verifies that element ``locator`` contains exact the text ``expected``.</doc>
<msg timestamp="20231116 10:28:27.578" level="INFO">Verifying element '//h3' contains exact text 'Epic sadface: Sorry, this user has been locked out.'.</msg>
<status status="PASS" starttime="20231116 10:28:27.575" endtime="20231116 10:28:27.604"/>
</kw>
<kw name="Element Should Be Visible" library="SeleniumLibrary">
<arg>${XIconUser}</arg>
<doc>Verifies that the element identified by ``locator`` is visible.</doc>
<msg timestamp="20231116 10:28:27.628" level="INFO">Element 'css:.form_group:nth-child(1) path' is displayed.</msg>
<status status="PASS" starttime="20231116 10:28:27.605" endtime="20231116 10:28:27.629"/>
</kw>
<kw name="Element Should Be Visible" library="SeleniumLibrary">
<arg>${XIconPassword}</arg>
<doc>Verifies that the element identified by ``locator`` is visible.</doc>
<msg timestamp="20231116 10:28:27.649" level="INFO">Element 'css:.form_group:nth-child(2) path' is displayed.</msg>
<status status="PASS" starttime="20231116 10:28:27.630" endtime="20231116 10:28:27.649"/>
</kw>
<kw name="Finish TC" library="Keywords">
<kw name="Execute Javascript" library="SeleniumLibrary">
<arg>window.localStorage.clear()</arg>
<doc>Executes the given JavaScript code with possible arguments.</doc>
<msg timestamp="20231116 10:28:27.656" level="INFO">Executing JavaScript:
window.localStorage.clear()
Without any arguments.</msg>
<status status="PASS" starttime="20231116 10:28:27.653" endtime="20231116 10:28:27.663"/>
</kw>
<kw name="Close Browser" library="SeleniumLibrary">
<doc>Closes the current browser.</doc>
<status status="PASS" starttime="20231116 10:28:27.663" endtime="20231116 10:28:31.198"/>
</kw>
<status status="PASS" starttime="20231116 10:28:27.652" endtime="20231116 10:28:31.198"/>
</kw>
<status status="PASS" starttime="20231116 10:28:20.099" endtime="20231116 10:28:31.199"/>
</test>
<test id="s1-s1-s1-t6" name="1.1.6 - Example running Headless" line="82">
<kw name="Go in Headless Firefox" library="Keywords">
<kw name="Evaluate" library="BuiltIn">
<var>${options}</var>
<arg>sys.modules['selenium.webdriver'].FirefoxOptions()</arg>
<arg>sys, selenium.webdriver</arg>
<doc>Evaluates the given expression in Python and returns the result.</doc>
<msg timestamp="20231116 10:28:31.203" level="INFO">${options} = &lt;selenium.webdriver.firefox.options.Options object at 0x000001CFA944AD10&gt;</msg>
<status status="PASS" starttime="20231116 10:28:31.202" endtime="20231116 10:28:31.203"/>
</kw>
<kw name="Call Method" library="BuiltIn">
<arg>${options}</arg>
<arg>add_argument</arg>
<arg>--headless</arg>
<doc>Calls the named method of the given object with the provided arguments.</doc>
<status status="PASS" starttime="20231116 10:28:31.204" endtime="20231116 10:28:31.204"/>
</kw>
<kw name="Create Webdriver" library="SeleniumLibrary">
<arg>Firefox</arg>
<arg>options=${options}</arg>
<doc>Creates an instance of Selenium WebDriver.</doc>
<msg timestamp="20231116 10:28:31.205" level="INFO">Creating an instance of the Firefox WebDriver.</msg>
<msg timestamp="20231116 10:28:31.219" level="INFO">Executing: C:\Users\VictorMelo\AppData\Roaming\Python\Python311\site-packages\selenium\webdriver\common\windows\selenium-manager.exe --browser firefox --output json</msg>
<status status="PASS" starttime="20231116 10:28:31.205" endtime="20231116 10:28:36.422"/>
</kw>
<kw name="Go To" library="SeleniumLibrary">
<arg>${URL_SauceDemo_QA}</arg>
<doc>Navigates the current browser window to the provided ``url``.</doc>
<msg timestamp="20231116 10:28:36.424" level="INFO">Opening url 'https://www.saucedemo.com/'</msg>
<status status="PASS" starttime="20231116 10:28:36.423" endtime="20231116 10:28:37.269"/>
</kw>
<kw name="Maximize Browser Window" library="SeleniumLibrary">
<doc>Maximizes current browser window.</doc>
<status status="PASS" starttime="20231116 10:28:37.270" endtime="20231116 10:28:37.291"/>
</kw>
<status status="PASS" starttime="20231116 10:28:31.202" endtime="20231116 10:28:37.292"/>
</kw>
<kw name="Wait Until Element Is Visible" library="SeleniumLibrary">
<arg>${UserNameTxt}</arg>
<doc>Waits until the element ``locator`` is visible.</doc>
<status status="PASS" starttime="20231116 10:28:37.293" endtime="20231116 10:28:37.346"/>
</kw>
<kw name="Input Text" library="SeleniumLibrary">
<arg>${UserNameTxt}</arg>
<arg>${standarduser}</arg>
<doc>Types the given ``text`` into the text field identified by ``locator``.</doc>
<msg timestamp="20231116 10:28:37.348" level="INFO">Typing text 'standard_user' into text field 'id=user-name'.</msg>
<status status="PASS" starttime="20231116 10:28:37.347" endtime="20231116 10:28:37.859"/>
</kw>
<kw name="Input Text" library="SeleniumLibrary">
<arg>${PasswordTxt}</arg>
<arg>${password}</arg>
<doc>Types the given ``text`` into the text field identified by ``locator``.</doc>
<msg timestamp="20231116 10:28:37.868" level="INFO">Typing text 'secret_sauce' into text field 'id=password'.</msg>
<status status="PASS" starttime="20231116 10:28:37.867" endtime="20231116 10:28:37.994"/>
</kw>
<kw name="Click Button" library="SeleniumLibrary">
<arg>${LoginBtn}</arg>
<doc>Clicks the button identified by ``locator``.</doc>
<msg timestamp="20231116 10:28:38.007" level="INFO">Clicking button 'id=login-button'.</msg>
<status status="PASS" starttime="20231116 10:28:38.004" endtime="20231116 10:28:38.302"/>
</kw>
<kw name="Wait Until Element Is Visible" library="SeleniumLibrary">
<arg>${SwagLabsLbl}</arg>
<doc>Waits until the element ``locator`` is visible.</doc>
<status status="PASS" starttime="20231116 10:28:38.302" endtime="20231116 10:28:38.328"/>
</kw>
<kw name="Element Text Should Be" library="SeleniumLibrary">
<arg>${SwagLabsLbl}</arg>
<arg>Swag Labs</arg>
<doc>Verifies that element ``locator`` contains exact the text ``expected``.</doc>
<msg timestamp="20231116 10:28:38.335" level="INFO">Verifying element '//div[@id='header_container']/div/div[2]/div' contains exact text 'Swag Labs'.</msg>
<status status="PASS" starttime="20231116 10:28:38.332" endtime="20231116 10:28:38.369"/>
</kw>
<kw name="Element Text Should Be" library="SeleniumLibrary">
<arg>${ProducsSwagLabsLbl}</arg>
<arg>Products</arg>
<doc>Verifies that element ``locator`` contains exact the text ``expected``.</doc>
<msg timestamp="20231116 10:28:38.371" level="INFO">Verifying element 'css:.title' contains exact text 'Products'.</msg>
<status status="PASS" starttime="20231116 10:28:38.370" endtime="20231116 10:28:38.384"/>
</kw>
<kw name="Finish TC" library="Keywords">
<kw name="Execute Javascript" library="SeleniumLibrary">
<arg>window.localStorage.clear()</arg>
<doc>Executes the given JavaScript code with possible arguments.</doc>
<msg timestamp="20231116 10:28:38.387" level="INFO">Executing JavaScript:
window.localStorage.clear()
Without any arguments.</msg>
<status status="PASS" starttime="20231116 10:28:38.384" endtime="20231116 10:28:38.390"/>
</kw>
<kw name="Close Browser" library="SeleniumLibrary">
<doc>Closes the current browser.</doc>
<status status="PASS" starttime="20231116 10:28:38.391" endtime="20231116 10:28:41.409"/>
</kw>
<status status="PASS" starttime="20231116 10:28:38.384" endtime="20231116 10:28:41.411"/>
</kw>
<status status="PASS" starttime="20231116 10:28:31.201" endtime="20231116 10:28:41.412"/>
</test>
<test id="s1-s1-s1-t7" name="1.1.7 - Example using Arguments - Blank Username" line="93">
<kw name="Open Saucedemo URL" library="Keywords">
<kw name="Open Browser" library="SeleniumLibrary">
<arg>${URL_SauceDemo_QA}</arg>
<arg>${Browser}</arg>
<doc>Opens a new browser instance to the optional ``url``.</doc>
<msg timestamp="20231116 10:28:41.416" level="INFO">Opening browser 'Firefox' to base url 'https://www.saucedemo.com/'.</msg>
<msg timestamp="20231116 10:28:41.434" level="INFO">Executing: C:\Users\VictorMelo\AppData\Roaming\Python\Python311\site-packages\selenium\webdriver\common\windows\selenium-manager.exe --browser firefox --output json</msg>
<status status="PASS" starttime="20231116 10:28:41.416" endtime="20231116 10:28:47.719"/>
</kw>
<kw name="Maximize Browser Window" library="SeleniumLibrary">
<doc>Maximizes current browser window.</doc>
<status status="PASS" starttime="20231116 10:28:47.719" endtime="20231116 10:28:48.005"/>
</kw>
<status status="PASS" starttime="20231116 10:28:41.415" endtime="20231116 10:28:48.006"/>
</kw>
<kw name="ExampleArguments" library="Keywords">
<arg>${Empty}</arg>
<arg>${password}</arg>
<kw name="Wait Until Element Is Visible" library="SeleniumLibrary">
<arg>${UserNameTxt}</arg>
<doc>Waits until the element ``locator`` is visible.</doc>
<status status="PASS" starttime="20231116 10:28:48.009" endtime="20231116 10:28:48.045"/>
</kw>
<kw name="Input Text" library="SeleniumLibrary">
<arg>${UserNameTxt}</arg>
<arg>${user}</arg>
<doc>Types the given ``text`` into the text field identified by ``locator``.</doc>
<msg timestamp="20231116 10:28:48.046" level="INFO">Typing text '' into text field 'id=user-name'.</msg>
<status status="PASS" starttime="20231116 10:28:48.045" endtime="20231116 10:28:48.115"/>
</kw>
<kw name="Input Text" library="SeleniumLibrary">
<arg>${PasswordTxt}</arg>
<arg>${pass}</arg>
<doc>Types the given ``text`` into the text field identified by ``locator``.</doc>
<msg timestamp="20231116 10:28:48.117" level="INFO">Typing text 'secret_sauce' into text field 'id=password'.</msg>
<status status="PASS" starttime="20231116 10:28:48.116" endtime="20231116 10:28:48.154"/>
</kw>
<kw name="Click Button" library="SeleniumLibrary">
<arg>${LoginBtn}</arg>
<doc>Clicks the button identified by ``locator``.</doc>
<msg timestamp="20231116 10:28:48.155" level="INFO">Clicking button 'id=login-button'.</msg>
<status status="PASS" starttime="20231116 10:28:48.154" endtime="20231116 10:28:48.379"/>
</kw>
<status status="PASS" starttime="20231116 10:28:48.007" endtime="20231116 10:28:48.379"/>
</kw>
<kw name="Wait Until Element Is Visible" library="SeleniumLibrary">
<arg>${ErrorLoginMessage}</arg>
<doc>Waits until the element ``locator`` is visible.</doc>
<status status="PASS" starttime="20231116 10:28:48.380" endtime="20231116 10:28:48.395"/>
</kw>
<kw name="Element Text Should Be" library="SeleniumLibrary">
<arg>${ErrorLoginMessage}</arg>
<arg>Epic sadface: Username is required</arg>
<doc>Verifies that element ``locator`` contains exact the text ``expected``.</doc>
<msg timestamp="20231116 10:28:48.396" level="INFO">Verifying element '//h3' contains exact text 'Epic sadface: Username is required'.</msg>
<status status="PASS" starttime="20231116 10:28:48.395" endtime="20231116 10:28:48.427"/>
</kw>
<kw name="Element Should Be Visible" library="SeleniumLibrary">
<arg>${XIconUser}</arg>
<doc>Verifies that the element identified by ``locator`` is visible.</doc>
<msg timestamp="20231116 10:28:48.447" level="INFO">Element 'css:.form_group:nth-child(1) path' is displayed.</msg>
<status status="PASS" starttime="20231116 10:28:48.428" endtime="20231116 10:28:48.447"/>
</kw>
<kw name="Element Should Be Visible" library="SeleniumLibrary">
<arg>${XIconPassword}</arg>
<doc>Verifies that the element identified by ``locator`` is visible.</doc>
<msg timestamp="20231116 10:28:48.463" level="INFO">Element 'css:.form_group:nth-child(2) path' is displayed.</msg>
<status status="PASS" starttime="20231116 10:28:48.448" endtime="20231116 10:28:48.464"/>
</kw>
<kw name="Finish TC" library="Keywords">
<kw name="Execute Javascript" library="SeleniumLibrary">
<arg>window.localStorage.clear()</arg>
<doc>Executes the given JavaScript code with possible arguments.</doc>
<msg timestamp="20231116 10:28:48.467" level="INFO">Executing JavaScript:
window.localStorage.clear()
Without any arguments.</msg>
<status status="PASS" starttime="20231116 10:28:48.465" endtime="20231116 10:28:48.472"/>
</kw>
<kw name="Close Browser" library="SeleniumLibrary">
<doc>Closes the current browser.</doc>
<status status="PASS" starttime="20231116 10:28:48.473" endtime="20231116 10:28:51.520"/>
</kw>
<status status="PASS" starttime="20231116 10:28:48.465" endtime="20231116 10:28:51.520"/>
</kw>
<status status="PASS" starttime="20231116 10:28:41.413" endtime="20231116 10:28:51.521"/>
</test>
<test id="s1-s1-s1-t8" name="2.1.1 - Add product to Cart and finish with positive Purchase flow" line="102">
<kw name="Valid Login" library="Keywords">
<kw name="Open Saucedemo URL" library="Keywords">
<kw name="Open Browser" library="SeleniumLibrary">
<arg>${URL_SauceDemo_QA}</arg>
<arg>${Browser}</arg>
<doc>Opens a new browser instance to the optional ``url``.</doc>
<msg timestamp="20231116 10:28:51.527" level="INFO">Opening browser 'Firefox' to base url 'https://www.saucedemo.com/'.</msg>
<msg timestamp="20231116 10:28:51.556" level="INFO">Executing: C:\Users\VictorMelo\AppData\Roaming\Python\Python311\site-packages\selenium\webdriver\common\windows\selenium-manager.exe --browser firefox --output json</msg>
<status status="PASS" starttime="20231116 10:28:51.527" endtime="20231116 10:28:57.853"/>
</kw>
<kw name="Maximize Browser Window" library="SeleniumLibrary">
<doc>Maximizes current browser window.</doc>
<status status="PASS" starttime="20231116 10:28:57.853" endtime="20231116 10:28:58.129"/>
</kw>
<status status="PASS" starttime="20231116 10:28:51.526" endtime="20231116 10:28:58.130"/>
</kw>
<kw name="Wait Until Element Is Visible" library="SeleniumLibrary">
<arg>${UserNameTxt}</arg>
<doc>Waits until the element ``locator`` is visible.</doc>
<status status="PASS" starttime="20231116 10:28:58.130" endtime="20231116 10:28:58.158"/>
</kw>
<kw name="Input Text" library="SeleniumLibrary">
<arg>${UserNameTxt}</arg>
<arg>${standarduser}</arg>
<doc>Types the given ``text`` into the text field identified by ``locator``.</doc>
<msg timestamp="20231116 10:28:58.159" level="INFO">Typing text 'standard_user' into text field 'id=user-name'.</msg>
<status status="PASS" starttime="20231116 10:28:58.159" endtime="20231116 10:28:58.259"/>
</kw>
<kw name="Input Text" library="SeleniumLibrary">
<arg>${PasswordTxt}</arg>
<arg>${password}</arg>
<doc>Types the given ``text`` into the text field identified by ``locator``.</doc>
<msg timestamp="20231116 10:28:58.260" level="INFO">Typing text 'secret_sauce' into text field 'id=password'.</msg>
<status status="PASS" starttime="20231116 10:28:58.259" endtime="20231116 10:28:58.284"/>
</kw>
<kw name="Click Button" library="SeleniumLibrary">
<arg>${LoginBtn}</arg>
<doc>Clicks the button identified by ``locator``.</doc>
<msg timestamp="20231116 10:28:58.284" level="INFO">Clicking button 'id=login-button'.</msg>
<status status="PASS" starttime="20231116 10:28:58.284" endtime="20231116 10:28:58.534"/>
</kw>
<kw name="Wait Until Element Is Visible" library="SeleniumLibrary">
<arg>${SwagLabsLbl}</arg>
<doc>Waits until the element ``locator`` is visible.</doc>
<status status="PASS" starttime="20231116 10:28:58.534" endtime="20231116 10:28:58.549"/>
</kw>
<kw name="Element Text Should Be" library="SeleniumLibrary">
<arg>${SwagLabsLbl}</arg>
<arg>Swag Labs</arg>
<doc>Verifies that element ``locator`` contains exact the text ``expected``.</doc>
<msg timestamp="20231116 10:28:58.550" level="INFO">Verifying element '//div[@id='header_container']/div/div[2]/div' contains exact text 'Swag Labs'.</msg>
<status status="PASS" starttime="20231116 10:28:58.549" endtime="20231116 10:28:58.573"/>
</kw>
<status status="PASS" starttime="20231116 10:28:51.525" endtime="20231116 10:28:58.573"/>
</kw>
<kw name="Wait Until Element Is Visible" library="SeleniumLibrary">
<arg>${fristProductAddBtn}</arg>
<doc>Waits until the element ``locator`` is visible.</doc>
<status status="PASS" starttime="20231116 10:28:58.574" endtime="20231116 10:28:58.593"/>
</kw>
<kw name="Click Button" library="SeleniumLibrary">
<arg>${fristProductAddBtn}</arg>
<doc>Clicks the button identified by ``locator``.</doc>
<msg timestamp="20231116 10:28:58.597" level="INFO">Clicking button 'xpath=//div[2]/button'.</msg>
<status status="PASS" starttime="20231116 10:28:58.595" endtime="20231116 10:28:58.849"/>
</kw>
<kw name="Get Text" library="SeleniumLibrary">
<var>${cart}</var>
<arg>${cartItemLbl}</arg>
<doc>Returns the text value of the element identified by ``locator``.</doc>
<msg timestamp="20231116 10:28:58.858" level="INFO">${cart} = 1</msg>
<status status="PASS" starttime="20231116 10:28:58.850" endtime="20231116 10:28:58.858"/>
</kw>
<if>
<branch type="IF" condition="&quot;${cart}&quot; != &quot;1&quot;">
<kw name="Run Keyword And Expect Error" library="BuiltIn">
<arg>FAIL</arg>
<arg>Text should be equal "1" but was "${cart}"</arg>
<doc>Runs the keyword and checks that the expected error occurred.</doc>
<status status="NOT RUN" starttime="20231116 10:28:58.860" endtime="20231116 10:28:58.860"/>
</kw>
<status status="NOT RUN" starttime="20231116 10:28:58.860" endtime="20231116 10:28:58.861"/>
</branch>
<status status="PASS" starttime="20231116 10:28:58.860" endtime="20231116 10:28:58.861"/>
</if>
<kw name="Get Text" library="SeleniumLibrary">
<var>${ProductName}</var>
<arg>${ProductNameLbl}</arg>
<doc>Returns the text value of the element identified by ``locator``.</doc>
<msg timestamp="20231116 10:28:58.870" level="INFO">${ProductName} = Sauce Labs Backpack</msg>
<status status="PASS" starttime="20231116 10:28:58.862" endtime="20231116 10:28:58.870"/>
</kw>
<kw name="Click Element" library="SeleniumLibrary">
<arg>${cartBtn}</arg>
<doc>Click the element identified by ``locator``.</doc>
<msg timestamp="20231116 10:28:58.872" level="INFO">Clicking element '//div[3]/a'.</msg>
<status status="PASS" starttime="20231116 10:28:58.872" endtime="20231116 10:28:59.097"/>
</kw>
<kw name="Element Text Should Be" library="SeleniumLibrary">
<arg>${YourCartLbl}</arg>
<arg>Your Cart</arg>
<doc>Verifies that element ``locator`` contains exact the text ``expected``.</doc>
<msg timestamp="20231116 10:28:59.100" level="INFO">Verifying element '//div[@id='header_container']/div[2]/span' contains exact text 'Your Cart'.</msg>
<status status="PASS" starttime="20231116 10:28:59.099" endtime="20231116 10:28:59.108"/>
</kw>
<kw name="Click Element" library="SeleniumLibrary">
<arg>${CheckoutBtn}</arg>
<doc>Click the element identified by ``locator``.</doc>
<msg timestamp="20231116 10:28:59.109" level="INFO">Clicking element 'id=checkout'.</msg>
<status status="PASS" starttime="20231116 10:28:59.108" endtime="20231116 10:28:59.337"/>
</kw>
<kw name="Wait Until Element Is Visible" library="SeleniumLibrary">
<arg>${CheckoutYourInfoLbl}</arg>
<doc>Waits until the element ``locator`` is visible.</doc>
<status status="PASS" starttime="20231116 10:28:59.338" endtime="20231116 10:28:59.352"/>
</kw>
<kw name="Element Text Should Be" library="SeleniumLibrary">
<arg>${CheckoutYourInfoLbl}</arg>
<arg>Checkout: Your Information</arg>
<doc>Verifies that element ``locator`` contains exact the text ``expected``.</doc>
<msg timestamp="20231116 10:28:59.354" level="INFO">Verifying element 'css:.title' contains exact text 'Checkout: Your Information'.</msg>
<status status="PASS" starttime="20231116 10:28:59.352" endtime="20231116 10:28:59.362"/>
</kw>
<kw name="Input Text" library="SeleniumLibrary">
<arg>${FirstNameTxt}</arg>
<arg>Username</arg>
<doc>Types the given ``text`` into the text field identified by ``locator``.</doc>
<msg timestamp="20231116 10:28:59.364" level="INFO">Typing text 'Username' into text field 'id=first-name'.</msg>
<status status="PASS" starttime="20231116 10:28:59.363" endtime="20231116 10:28:59.421"/>
</kw>
<kw name="Input Text" library="SeleniumLibrary">
<arg>${LastNametxt}</arg>
<arg>UserSurname</arg>
<doc>Types the given ``text`` into the text field identified by ``locator``.</doc>
<msg timestamp="20231116 10:28:59.422" level="INFO">Typing text 'UserSurname' into text field 'id=last-name'.</msg>
<status status="PASS" starttime="20231116 10:28:59.421" endtime="20231116 10:28:59.463"/>
</kw>
<kw name="Input Text" library="SeleniumLibrary">
<arg>${ZipPCTxt}</arg>
<arg>123456</arg>
<doc>Types the given ``text`` into the text field identified by ``locator``.</doc>
<msg timestamp="20231116 10:28:59.467" level="INFO">Typing text '123456' into text field 'id=postal-code'.</msg>
<status status="PASS" starttime="20231116 10:28:59.465" endtime="20231116 10:28:59.488"/>
</kw>
<kw name="Click Element" library="SeleniumLibrary">
<arg>${ContinueBtn}</arg>
<doc>Click the element identified by ``locator``.</doc>
<msg timestamp="20231116 10:28:59.490" level="INFO">Clicking element 'id=continue'.</msg>
<status status="PASS" starttime="20231116 10:28:59.489" endtime="20231116 10:28:59.716"/>
</kw>
<kw name="Wait Until Element Is Visible" library="SeleniumLibrary">
<arg>${CheckoutYourInfoLbl}</arg>
<doc>Waits until the element ``locator`` is visible.</doc>
<status status="PASS" starttime="20231116 10:28:59.717" endtime="20231116 10:28:59.733"/>
</kw>
<kw name="Get Text" library="SeleniumLibrary">
<var>${ProductCheckoutName}</var>
<arg>${ProductNameCheckout}</arg>
<doc>Returns the text value of the element identified by ``locator``.</doc>
<msg timestamp="20231116 10:28:59.750" level="INFO">${ProductCheckoutName} = Sauce Labs Backpack</msg>
<status status="PASS" starttime="20231116 10:28:59.734" endtime="20231116 10:28:59.750"/>
</kw>
<if>
<branch type="IF" condition="&quot;${ProductName}&quot; != &quot;${ProductCheckoutName}&quot;">
<kw name="Run Keyword And Expect Error" library="BuiltIn">
<arg>FAIL</arg>
<arg>Text should be equal "${ProductName}" but was "${ProductCheckoutName}"</arg>
<doc>Runs the keyword and checks that the expected error occurred.</doc>
<status status="NOT RUN" starttime="20231116 10:28:59.752" endtime="20231116 10:28:59.752"/>
</kw>
<status status="NOT RUN" starttime="20231116 10:28:59.751" endtime="20231116 10:28:59.752"/>
</branch>
<status status="PASS" starttime="20231116 10:28:59.751" endtime="20231116 10:28:59.752"/>
</if>
<kw name="Click Element" library="SeleniumLibrary">
<arg>${FinishCheckoutBtn}</arg>
<doc>Click the element identified by ``locator``.</doc>
<msg timestamp="20231116 10:28:59.754" level="INFO">Clicking element 'id=finish'.</msg>
<status status="PASS" starttime="20231116 10:28:59.753" endtime="20231116 10:28:59.977"/>
</kw>
<kw name="Validate Checkout Successfully" library="Keywords">
<kw name="Wait Until Element Is Visible" library="SeleniumLibrary">
<arg>${PageTitleCompleteLbl}</arg>
<doc>Waits until the element ``locator`` is visible.</doc>
<status status="PASS" starttime="20231116 10:28:59.978" endtime="20231116 10:28:59.991"/>
</kw>
<kw name="Element Text Should Be" library="SeleniumLibrary">
<arg>${PageTitleCompleteLbl}</arg>
<arg>Checkout: Complete!</arg>
<doc>Verifies that element ``locator`` contains exact the text ``expected``.</doc>
<msg timestamp="20231116 10:28:59.993" level="INFO">Verifying element 'css:.title' contains exact text 'Checkout: Complete!'.</msg>
<status status="PASS" starttime="20231116 10:28:59.991" endtime="20231116 10:29:00.002"/>
</kw>
<kw name="Element Text Should Be" library="SeleniumLibrary">
<arg>${MainMessageLbl}</arg>
<arg>Thank you for your order!</arg>
<doc>Verifies that element ``locator`` contains exact the text ``expected``.</doc>
<msg timestamp="20231116 10:29:00.003" level="INFO">Verifying element '//h2' contains exact text 'Thank you for your order!'.</msg>
<status status="PASS" starttime="20231116 10:29:00.002" endtime="20231116 10:29:00.017"/>
</kw>
<kw name="Element Text Should Be" library="SeleniumLibrary">
<arg>${CompleteMessageLbl}</arg>
<arg>Your order has been dispatched, and will arrive just as fast as the pony can get there!</arg>
<doc>Verifies that element ``locator`` contains exact the text ``expected``.</doc>
<msg timestamp="20231116 10:29:00.020" level="INFO">Verifying element 'css:.complete-text' contains exact text 'Your order has been dispatched, and will arrive just as fast as the pony can get there!'.</msg>
<status status="PASS" starttime="20231116 10:29:00.018" endtime="20231116 10:29:00.029"/>
</kw>
<status status="PASS" starttime="20231116 10:28:59.977" endtime="20231116 10:29:00.030"/>
</kw>
<kw name="Finish TC" library="Keywords">
<kw name="Execute Javascript" library="SeleniumLibrary">
<arg>window.localStorage.clear()</arg>
<doc>Executes the given JavaScript code with possible arguments.</doc>
<msg timestamp="20231116 10:29:00.034" level="INFO">Executing JavaScript:
window.localStorage.clear()
Without any arguments.</msg>
<status status="PASS" starttime="20231116 10:29:00.032" endtime="20231116 10:29:00.040"/>
</kw>
<kw name="Close Browser" library="SeleniumLibrary">
<doc>Closes the current browser.</doc>
<status status="PASS" starttime="20231116 10:29:00.042" endtime="20231116 10:29:03.040"/>
</kw>
<status status="PASS" starttime="20231116 10:29:00.031" endtime="20231116 10:29:03.040"/>
</kw>
<status status="PASS" starttime="20231116 10:28:51.523" endtime="20231116 10:29:03.041"/>
</test>
<doc>Executable file for UI Regression Testing</doc>
<status status="PASS" starttime="20231116 10:27:36.355" endtime="20231116 10:29:03.043"/>
</suite>
<status status="PASS" starttime="20231116 10:27:36.352" endtime="20231116 10:29:03.047"/>
</suite>
<status status="PASS" starttime="20231116 10:27:36.322" endtime="20231116 10:29:03.052"/>
</suite>
<statistics>
<total>
<stat pass="8" fail="0" skip="0">All Tests</stat>
</total>
<tag>
</tag>
<suite>
<stat pass="8" fail="0" skip="0" id="s1" name="AutomatedTestsRobotExample">AutomatedTestsRobotExample</stat>
<stat pass="8" fail="0" skip="0" id="s1-s1" name="Tests">AutomatedTestsRobotExample.Tests</stat>
<stat pass="8" fail="0" skip="0" id="s1-s1-s1" name="UI Tests">AutomatedTestsRobotExample.Tests.UI Tests</stat>
</suite>
</statistics>
<errors>
</errors>
</robot>
